{"/home/travis/build/npmtest/node-npmtest-karma-typescript/test.js":{"path":"/home/travis/build/npmtest/node-npmtest-karma-typescript/test.js","s":{"1":2,"2":2,"3":2,"4":2,"5":2,"6":2,"7":2,"8":1,"9":2,"10":2,"11":1,"12":1,"13":1,"14":1,"15":2,"16":2,"17":2,"18":2,"19":1,"20":1,"21":2,"22":2,"23":2,"24":1,"25":1,"26":1,"27":1,"28":1,"29":1,"30":1,"31":1,"32":1,"33":1,"34":1,"35":1,"36":1,"37":2,"38":2,"39":1,"40":2,"41":2,"42":1,"43":2,"44":2,"45":1,"46":2,"47":2,"48":1,"49":1,"50":1,"51":1,"52":1},"b":{"1":[2,1,1,1],"2":[1,1,1,1],"3":[1,1],"4":[1,1],"5":[1,1],"6":[1,1],"7":[1,1],"8":[1,1],"9":[1,1,1],"10":[1,1],"11":[1,1],"12":[1,1],"13":[1,1],"14":[1,1],"15":[1,1],"16":[1,1]},"f":{"1":2,"2":2,"3":2,"4":2,"5":2,"6":1,"7":1,"8":2,"9":2,"10":2,"11":2,"12":1},"fnMap":{"1":{"name":"(anonymous_1)","line":12,"loc":{"start":{"line":12,"column":1},"end":{"line":12,"column":13}}},"2":{"name":"(anonymous_2)","line":19,"loc":{"start":{"line":19,"column":5},"end":{"line":19,"column":17}}},"3":{"name":"(anonymous_3)","line":23,"loc":{"start":{"line":23,"column":24},"end":{"line":23,"column":36}}},"4":{"name":"(anonymous_4)","line":61,"loc":{"start":{"line":61,"column":5},"end":{"line":61,"column":17}}},"5":{"name":"(anonymous_5)","line":82,"loc":{"start":{"line":82,"column":5},"end":{"line":82,"column":17}}},"6":{"name":"(anonymous_6)","line":102,"loc":{"start":{"line":102,"column":83},"end":{"line":105,"column":10}},"skip":true},"7":{"name":"(anonymous_7)","line":113,"loc":{"start":{"line":113,"column":77},"end":{"line":116,"column":10}},"skip":true},"8":{"name":"(anonymous_8)","line":129,"loc":{"start":{"line":129,"column":12},"end":{"line":129,"column":40}},"skip":true},"9":{"name":"(anonymous_9)","line":137,"loc":{"start":{"line":137,"column":77},"end":{"line":140,"column":10}},"skip":true},"10":{"name":"(anonymous_10)","line":148,"loc":{"start":{"line":148,"column":83},"end":{"line":151,"column":10}},"skip":true},"11":{"name":"(anonymous_11)","line":159,"loc":{"start":{"line":159,"column":79},"end":{"line":162,"column":10}},"skip":true},"12":{"name":"(anonymous_12)","line":170,"loc":{"start":{"line":170,"column":75},"end":{"line":173,"column":10}},"skip":true}},"statementMap":{"1":{"start":{"line":12,"column":0},"end":{"line":185,"column":5}},"2":{"start":{"line":14,"column":4},"end":{"line":14,"column":14}},"3":{"start":{"line":19,"column":4},"end":{"line":56,"column":9}},"4":{"start":{"line":21,"column":8},"end":{"line":21,"column":19}},"5":{"start":{"line":23,"column":8},"end":{"line":35,"column":13}},"6":{"start":{"line":24,"column":12},"end":{"line":34,"column":13}},"7":{"start":{"line":25,"column":16},"end":{"line":28,"column":30}},"8":{"start":{"line":30,"column":16},"end":{"line":33,"column":27}},"9":{"start":{"line":37,"column":8},"end":{"line":39,"column":21}},"10":{"start":{"line":40,"column":8},"end":{"line":53,"column":9}},"11":{"start":{"line":43,"column":12},"end":{"line":46,"column":14}},"12":{"start":{"line":47,"column":12},"end":{"line":47,"column":18}},"13":{"start":{"line":50,"column":12},"end":{"line":51,"column":46}},"14":{"start":{"line":52,"column":12},"end":{"line":52,"column":18}},"15":{"start":{"line":55,"column":8},"end":{"line":55,"column":35}},"16":{"start":{"line":61,"column":4},"end":{"line":63,"column":9}},"17":{"start":{"line":62,"column":8},"end":{"line":62,"column":15}},"18":{"start":{"line":64,"column":4},"end":{"line":77,"column":5}},"19":{"start":{"line":70,"column":8},"end":{"line":70,"column":14}},"20":{"start":{"line":76,"column":8},"end":{"line":76,"column":14}},"21":{"start":{"line":82,"column":4},"end":{"line":84,"column":9}},"22":{"start":{"line":83,"column":8},"end":{"line":83,"column":15}},"23":{"start":{"line":85,"column":4},"end":{"line":184,"column":5}},"24":{"start":{"line":92,"column":8},"end":{"line":94,"column":63}},"25":{"start":{"line":95,"column":8},"end":{"line":95,"column":14}},"26":{"start":{"line":102,"column":8},"end":{"line":111,"column":10},"skip":true},"27":{"start":{"line":109,"column":12},"end":{"line":109,"column":55},"skip":true},"28":{"start":{"line":110,"column":12},"end":{"line":110,"column":48},"skip":true},"29":{"start":{"line":113,"column":8},"end":{"line":126,"column":10},"skip":true},"30":{"start":{"line":120,"column":12},"end":{"line":120,"column":76},"skip":true},"31":{"start":{"line":121,"column":12},"end":{"line":121,"column":73},"skip":true},"32":{"start":{"line":122,"column":12},"end":{"line":122,"column":74},"skip":true},"33":{"start":{"line":123,"column":12},"end":{"line":123,"column":79},"skip":true},"34":{"start":{"line":124,"column":12},"end":{"line":124,"column":25},"skip":true},"35":{"start":{"line":125,"column":12},"end":{"line":125,"column":45},"skip":true},"36":{"start":{"line":128,"column":8},"end":{"line":135,"column":14},"skip":true},"37":{"start":{"line":133,"column":16},"end":{"line":133,"column":29},"skip":true},"38":{"start":{"line":134,"column":16},"end":{"line":134,"column":55},"skip":true},"39":{"start":{"line":137,"column":8},"end":{"line":146,"column":10},"skip":true},"40":{"start":{"line":144,"column":12},"end":{"line":144,"column":25},"skip":true},"41":{"start":{"line":145,"column":12},"end":{"line":145,"column":45},"skip":true},"42":{"start":{"line":148,"column":8},"end":{"line":157,"column":10},"skip":true},"43":{"start":{"line":155,"column":12},"end":{"line":155,"column":25},"skip":true},"44":{"start":{"line":156,"column":12},"end":{"line":156,"column":48},"skip":true},"45":{"start":{"line":159,"column":8},"end":{"line":168,"column":10},"skip":true},"46":{"start":{"line":166,"column":12},"end":{"line":166,"column":25},"skip":true},"47":{"start":{"line":167,"column":12},"end":{"line":167,"column":46},"skip":true},"48":{"start":{"line":170,"column":8},"end":{"line":179,"column":10},"skip":true},"49":{"start":{"line":177,"column":12},"end":{"line":177,"column":94},"skip":true},"50":{"start":{"line":178,"column":12},"end":{"line":178,"column":48},"skip":true},"51":{"start":{"line":182,"column":8},"end":{"line":182,"column":35},"skip":true},"52":{"start":{"line":183,"column":8},"end":{"line":183,"column":14},"skip":true}},"branchMap":{"1":{"line":25,"type":"binary-expr","locations":[{"start":{"line":25,"column":23},"end":{"line":25,"column":62}},{"start":{"line":26,"column":20},"end":{"line":26,"column":70}},{"start":{"line":27,"column":20},"end":{"line":27,"column":71}},{"start":{"line":28,"column":20},"end":{"line":28,"column":29}}]},"2":{"line":30,"type":"binary-expr","locations":[{"start":{"line":30,"column":23},"end":{"line":30,"column":37}},{"start":{"line":31,"column":20},"end":{"line":31,"column":61}},{"start":{"line":32,"column":20},"end":{"line":32,"column":70}},{"start":{"line":33,"column":20},"end":{"line":33,"column":26}}]},"3":{"line":37,"type":"cond-expr","locations":[{"start":{"line":38,"column":14},"end":{"line":38,"column":20}},{"start":{"line":39,"column":14},"end":{"line":39,"column":20}}]},"4":{"line":40,"type":"switch","locations":[{"start":{"line":42,"column":8},"end":{"line":47,"column":18}},{"start":{"line":49,"column":8},"end":{"line":52,"column":18}}]},"5":{"line":44,"type":"binary-expr","locations":[{"start":{"line":44,"column":16},"end":{"line":44,"column":44}},{"start":{"line":44,"column":48},"end":{"line":44,"column":66}}]},"6":{"line":50,"type":"binary-expr","locations":[{"start":{"line":50,"column":21},"end":{"line":50,"column":49}},{"start":{"line":50,"column":53},"end":{"line":50,"column":72}}]},"7":{"line":64,"type":"switch","locations":[{"start":{"line":69,"column":4},"end":{"line":70,"column":14}},{"start":{"line":75,"column":4},"end":{"line":76,"column":14}}]},"8":{"line":85,"type":"switch","locations":[{"start":{"line":90,"column":4},"end":{"line":95,"column":14}},{"start":{"line":101,"column":4},"end":{"line":183,"column":14},"skip":true}]},"9":{"line":92,"type":"binary-expr","locations":[{"start":{"line":92,"column":18},"end":{"line":92,"column":32}},{"start":{"line":93,"column":12},"end":{"line":93,"column":53}},{"start":{"line":94,"column":12},"end":{"line":94,"column":61}}]},"10":{"line":102,"type":"binary-expr","locations":[{"start":{"line":102,"column":45},"end":{"line":102,"column":79},"skip":true},{"start":{"line":102,"column":83},"end":{"line":111,"column":9},"skip":true}]},"11":{"line":113,"type":"binary-expr","locations":[{"start":{"line":113,"column":42},"end":{"line":113,"column":73},"skip":true},{"start":{"line":113,"column":77},"end":{"line":126,"column":9},"skip":true}]},"12":{"line":128,"type":"binary-expr","locations":[{"start":{"line":128,"column":48},"end":{"line":128,"column":85},"skip":true},{"start":{"line":129,"column":12},"end":{"line":135,"column":13},"skip":true}]},"13":{"line":137,"type":"binary-expr","locations":[{"start":{"line":137,"column":42},"end":{"line":137,"column":73},"skip":true},{"start":{"line":137,"column":77},"end":{"line":146,"column":9},"skip":true}]},"14":{"line":148,"type":"binary-expr","locations":[{"start":{"line":148,"column":45},"end":{"line":148,"column":79},"skip":true},{"start":{"line":148,"column":83},"end":{"line":157,"column":9},"skip":true}]},"15":{"line":159,"type":"binary-expr","locations":[{"start":{"line":159,"column":43},"end":{"line":159,"column":75},"skip":true},{"start":{"line":159,"column":79},"end":{"line":168,"column":9},"skip":true}]},"16":{"line":170,"type":"binary-expr","locations":[{"start":{"line":170,"column":41},"end":{"line":170,"column":71},"skip":true},{"start":{"line":170,"column":75},"end":{"line":179,"column":9},"skip":true}]}},"code":["/* istanbul instrument in package npmtest_karma_typescript */","/*jslint","    bitwise: true,","    browser: true,","    maxerr: 8,","    maxlen: 96,","    node: true,","    nomen: true,","    regexp: true,","    stupid: true","*/","(function () {","    'use strict';","    var local;","","","","    // run shared js-env code - pre-init","    (function () {","        // init local","        local = {};","        // init modeJs","        local.modeJs = (function () {","            try {","                return typeof navigator.userAgent === 'string' &&","                    typeof document.querySelector('body') === 'object' &&","                    typeof XMLHttpRequest.prototype.open === 'function' &&","                    'browser';","            } catch (errorCaughtBrowser) {","                return module.exports &&","                    typeof process.versions.node === 'string' &&","                    typeof require('http').createServer === 'function' &&","                    'node';","            }","        }());","        // init global","        local.global = local.modeJs === 'browser'","            ? window","            : global;","        switch (local.modeJs) {","        // re-init local from window.local","        case 'browser':","            local = local.global.utility2.objectSetDefault(","                local.global.utility2_rollup || local.global.local,","                local.global.utility2","            );","            break;","        // re-init local from example.js","        case 'node':","            local = (local.global.utility2_rollup || require('utility2'))","                .requireExampleJsFromReadme();","            break;","        }","        // export local","        local.global.local = local;","    }());","","","","    // run shared js-env code - function","    (function () {","        return;","    }());","    switch (local.modeJs) {","","","","    // run browser js-env code - function","    case 'browser':","        break;","","","","    // run node js-env code - function","    case 'node':","        break;","    }","","","","    // run shared js-env code - post-init","    (function () {","        return;","    }());","    switch (local.modeJs) {","","","","    // run browser js-env code - post-init","    case 'browser':","        // run tests","        local.nop(local.modeTest &&","            document.querySelector('#testRunButton1') &&","            document.querySelector('#testRunButton1').click());","        break;","","","","    // run node js-env code - post-init","    /* istanbul ignore next */","    case 'node':","        local.testCase_buildApidoc_default = local.testCase_buildApidoc_default || function (","            options,","            onError","        ) {","        /*","         * this function will test buildApidoc's default handling-behavior-behavior","         */","            options = { modulePathList: module.paths };","            local.buildApidoc(options, onError);","        };","","        local.testCase_buildApp_default = local.testCase_buildApp_default || function (","            options,","            onError","        ) {","        /*","         * this function will test buildApp's default handling-behavior-behavior","         */","            local.testCase_buildReadme_default(options, local.onErrorThrow);","            local.testCase_buildLib_default(options, local.onErrorThrow);","            local.testCase_buildTest_default(options, local.onErrorThrow);","            local.testCase_buildCustomOrg_default(options, local.onErrorThrow);","            options = [];","            local.buildApp(options, onError);","        };","","        local.testCase_buildCustomOrg_default = local.testCase_buildCustomOrg_default ||","            function (options, onError) {","            /*","             * this function will test buildCustomOrg's default handling-behavior","             */","                options = {};","                local.buildCustomOrg(options, onError);","            };","","        local.testCase_buildLib_default = local.testCase_buildLib_default || function (","            options,","            onError","        ) {","        /*","         * this function will test buildLib's default handling-behavior","         */","            options = {};","            local.buildLib(options, onError);","        };","","        local.testCase_buildReadme_default = local.testCase_buildReadme_default || function (","            options,","            onError","        ) {","        /*","         * this function will test buildReadme's default handling-behavior-behavior","         */","            options = {};","            local.buildReadme(options, onError);","        };","","        local.testCase_buildTest_default = local.testCase_buildTest_default || function (","            options,","            onError","        ) {","        /*","         * this function will test buildTest's default handling-behavior","         */","            options = {};","            local.buildTest(options, onError);","        };","","        local.testCase_webpage_default = local.testCase_webpage_default || function (","            options,","            onError","        ) {","        /*","         * this function will test webpage's default handling-behavior","         */","            options = { modeCoverageMerge: true, url: local.serverLocalHost + '?modeTest=1' };","            local.browserTest(options, onError);","        };","","        // run test-server","        local.testRunServer(local);","        break;","    }","}());",""],"l":{"12":2,"14":2,"19":2,"21":2,"23":2,"24":2,"25":2,"30":1,"37":2,"40":2,"43":1,"47":1,"50":1,"52":1,"55":2,"61":2,"62":2,"64":2,"70":1,"76":1,"82":2,"83":2,"85":2,"92":1,"95":1,"102":1,"109":1,"110":1,"113":1,"120":1,"121":1,"122":1,"123":1,"124":1,"125":1,"128":1,"133":2,"134":2,"137":1,"144":2,"145":2,"148":1,"155":2,"156":2,"159":1,"166":2,"167":2,"170":1,"177":1,"178":1,"182":1,"183":1}},"/home/travis/build/npmtest/node-npmtest-karma-typescript/lib.npmtest_karma_typescript.js":{"path":"/home/travis/build/npmtest/node-npmtest-karma-typescript/lib.npmtest_karma_typescript.js","s":{"1":2,"2":2,"3":2,"4":2,"5":2,"6":2,"7":2,"8":1,"9":2,"10":2,"11":2,"12":2,"13":1,"14":1,"15":1,"16":1},"b":{"1":[2,1,1,1],"2":[1,1,1,1],"3":[1,1],"4":[2,2],"5":[1,1]},"f":{"1":2,"2":2,"3":2},"fnMap":{"1":{"name":"(anonymous_1)","line":12,"loc":{"start":{"line":12,"column":1},"end":{"line":12,"column":13}}},"2":{"name":"(anonymous_2)","line":19,"loc":{"start":{"line":19,"column":5},"end":{"line":19,"column":17}}},"3":{"name":"(anonymous_3)","line":23,"loc":{"start":{"line":23,"column":24},"end":{"line":23,"column":36}}}},"statementMap":{"1":{"start":{"line":12,"column":0},"end":{"line":53,"column":5}},"2":{"start":{"line":14,"column":4},"end":{"line":14,"column":14}},"3":{"start":{"line":19,"column":4},"end":{"line":52,"column":9}},"4":{"start":{"line":21,"column":8},"end":{"line":21,"column":19}},"5":{"start":{"line":23,"column":8},"end":{"line":35,"column":13}},"6":{"start":{"line":24,"column":12},"end":{"line":34,"column":13}},"7":{"start":{"line":25,"column":16},"end":{"line":28,"column":30}},"8":{"start":{"line":30,"column":16},"end":{"line":33,"column":27}},"9":{"start":{"line":37,"column":8},"end":{"line":39,"column":21}},"10":{"start":{"line":41,"column":8},"end":{"line":41,"column":54}},"11":{"start":{"line":43,"column":8},"end":{"line":43,"column":61}},"12":{"start":{"line":45,"column":8},"end":{"line":51,"column":9}},"13":{"start":{"line":46,"column":12},"end":{"line":46,"column":67}},"14":{"start":{"line":48,"column":12},"end":{"line":48,"column":35}},"15":{"start":{"line":49,"column":12},"end":{"line":49,"column":49}},"16":{"start":{"line":50,"column":12},"end":{"line":50,"column":43}}},"branchMap":{"1":{"line":25,"type":"binary-expr","locations":[{"start":{"line":25,"column":23},"end":{"line":25,"column":62}},{"start":{"line":26,"column":20},"end":{"line":26,"column":70}},{"start":{"line":27,"column":20},"end":{"line":27,"column":71}},{"start":{"line":28,"column":20},"end":{"line":28,"column":29}}]},"2":{"line":30,"type":"binary-expr","locations":[{"start":{"line":30,"column":23},"end":{"line":30,"column":37}},{"start":{"line":31,"column":20},"end":{"line":31,"column":61}},{"start":{"line":32,"column":20},"end":{"line":32,"column":70}},{"start":{"line":33,"column":20},"end":{"line":33,"column":26}}]},"3":{"line":37,"type":"cond-expr","locations":[{"start":{"line":38,"column":14},"end":{"line":38,"column":20}},{"start":{"line":39,"column":14},"end":{"line":39,"column":20}}]},"4":{"line":41,"type":"binary-expr","locations":[{"start":{"line":41,"column":16},"end":{"line":41,"column":44}},{"start":{"line":41,"column":48},"end":{"line":41,"column":53}}]},"5":{"line":45,"type":"if","locations":[{"start":{"line":45,"column":8},"end":{"line":45,"column":8}},{"start":{"line":45,"column":8},"end":{"line":45,"column":8}}]}},"code":["/* istanbul instrument in package npmtest_karma_typescript */","/*jslint","    bitwise: true,","    browser: true,","    maxerr: 8,","    maxlen: 96,","    node: true,","    nomen: true,","    regexp: true,","    stupid: true","*/","(function () {","    'use strict';","    var local;","","","","    // run shared js-env code - pre-init","    (function () {","        // init local","        local = {};","        // init modeJs","        local.modeJs = (function () {","            try {","                return typeof navigator.userAgent === 'string' &&","                    typeof document.querySelector('body') === 'object' &&","                    typeof XMLHttpRequest.prototype.open === 'function' &&","                    'browser';","            } catch (errorCaughtBrowser) {","                return module.exports &&","                    typeof process.versions.node === 'string' &&","                    typeof require('http').createServer === 'function' &&","                    'node';","            }","        }());","        // init global","        local.global = local.modeJs === 'browser'","            ? window","            : global;","        // init utility2_rollup","        local = local.global.utility2_rollup || local;","        // init lib","        local.local = local.npmtest_karma_typescript = local;","        // init exports","        if (local.modeJs === 'browser') {","            local.global.utility2_npmtest_karma_typescript = local;","        } else {","            module.exports = local;","            module.exports.__dirname = __dirname;","            module.exports.module = module;","        }","    }());","}());",""],"l":{"12":2,"14":2,"19":2,"21":2,"23":2,"24":2,"25":2,"30":1,"37":2,"41":2,"43":2,"45":2,"46":1,"48":1,"49":1,"50":1}},"/home/travis/build/npmtest/node-npmtest-karma-typescript/example.js":{"path":"/home/travis/build/npmtest/node-npmtest-karma-typescript/example.js","s":{"1":2,"2":2,"3":2,"4":2,"5":2,"6":2,"7":2,"8":1,"9":2,"10":2,"11":2,"12":2,"13":1,"14":2,"15":2,"16":2,"17":2,"18":2,"19":0,"20":2,"21":1,"22":1,"23":1,"24":1,"25":1,"26":0,"27":0,"28":1,"29":1,"30":2,"31":0,"32":0,"33":0,"34":1,"35":2,"36":2,"37":2,"38":2,"39":2,"40":2,"41":0,"42":2,"43":2,"44":2,"45":1,"46":3,"47":1,"48":1,"49":1,"50":1,"51":1,"52":1,"53":1,"54":1,"55":1,"56":1,"57":0,"58":1,"59":6,"60":6,"61":1,"62":2,"63":0,"64":2,"65":1,"66":1,"67":0,"68":0,"69":0,"70":0,"71":0,"72":0,"73":0,"74":0,"75":0,"76":0,"77":0,"78":0,"79":0,"80":0,"81":0,"82":0,"83":0},"b":{"1":[2,1,1,1],"2":[1,1,1,1],"3":[1,1],"4":[2,2],"5":[1,1],"6":[1,1],"7":[2,0],"8":[2,1,1,1,1,1],"9":[0,2,0],"10":[1,1],"11":[2,1,1],"12":[1,0],"13":[0,2],"14":[2,0,0,0,0,0,0],"15":[0,2],"16":[2,0],"17":[1,1],"18":[0,1],"19":[1,2,0,2],"20":[1,0],"21":[1,1],"22":[0,0],"23":[0,0],"24":[0,0],"25":[0,0],"26":[0,0],"27":[0,0],"28":[0,0]},"f":{"1":2,"2":2,"3":2,"4":2,"5":2,"6":2,"7":2,"8":2,"9":3,"10":1,"11":6,"12":0},"fnMap":{"1":{"name":"(anonymous_1)","line":26,"loc":{"start":{"line":26,"column":1},"end":{"line":26,"column":13}}},"2":{"name":"(anonymous_2)","line":33,"loc":{"start":{"line":33,"column":5},"end":{"line":33,"column":17}}},"3":{"name":"(anonymous_3)","line":37,"loc":{"start":{"line":37,"column":24},"end":{"line":37,"column":36}}},"4":{"name":"(anonymous_4)","line":69,"loc":{"start":{"line":69,"column":31},"end":{"line":69,"column":48}},"skip":true},"5":{"name":"(anonymous_5)","line":78,"loc":{"start":{"line":78,"column":26},"end":{"line":78,"column":45}},"skip":true},"6":{"name":"(anonymous_6)","line":123,"loc":{"start":{"line":123,"column":33},"end":{"line":123,"column":48}},"skip":true},"7":{"name":"(anonymous_7)","line":125,"loc":{"start":{"line":125,"column":27},"end":{"line":125,"column":39}},"skip":true},"8":{"name":"(anonymous_8)","line":133,"loc":{"start":{"line":133,"column":59},"end":{"line":133,"column":74}},"skip":true},"9":{"name":"(anonymous_9)","line":143,"loc":{"start":{"line":143,"column":45},"end":{"line":143,"column":62}},"skip":true},"10":{"name":"(anonymous_10)","line":144,"loc":{"start":{"line":144,"column":73},"end":{"line":144,"column":92}},"skip":true},"11":{"name":"(anonymous_11)","line":272,"loc":{"start":{"line":272,"column":51},"end":{"line":272,"column":77}},"skip":true},"12":{"name":"(anonymous_12)","line":314,"loc":{"start":{"line":314,"column":32},"end":{"line":314,"column":61}},"skip":true}},"statementMap":{"1":{"start":{"line":26,"column":0},"end":{"line":325,"column":5}},"2":{"start":{"line":28,"column":4},"end":{"line":28,"column":14}},"3":{"start":{"line":33,"column":4},"end":{"line":60,"column":9}},"4":{"start":{"line":35,"column":8},"end":{"line":35,"column":19}},"5":{"start":{"line":37,"column":8},"end":{"line":49,"column":13}},"6":{"start":{"line":38,"column":12},"end":{"line":48,"column":13}},"7":{"start":{"line":39,"column":16},"end":{"line":42,"column":30}},"8":{"start":{"line":44,"column":16},"end":{"line":47,"column":27}},"9":{"start":{"line":51,"column":8},"end":{"line":53,"column":21}},"10":{"start":{"line":55,"column":8},"end":{"line":57,"column":45}},"11":{"start":{"line":59,"column":8},"end":{"line":59,"column":35}},"12":{"start":{"line":61,"column":4},"end":{"line":324,"column":5}},"13":{"start":{"line":69,"column":8},"end":{"line":121,"column":10},"skip":true},"14":{"start":{"line":70,"column":12},"end":{"line":88,"column":13},"skip":true},"15":{"start":{"line":76,"column":16},"end":{"line":87,"column":19},"skip":true},"16":{"start":{"line":79,"column":20},"end":{"line":86,"column":21},"skip":true},"17":{"start":{"line":82,"column":24},"end":{"line":82,"column":43},"skip":true},"18":{"start":{"line":83,"column":24},"end":{"line":83,"column":30},"skip":true},"19":{"start":{"line":85,"column":24},"end":{"line":85,"column":49},"skip":true},"20":{"start":{"line":89,"column":12},"end":{"line":107,"column":13},"skip":true},"21":{"start":{"line":92,"column":16},"end":{"line":102,"column":17},"skip":true},"22":{"start":{"line":93,"column":20},"end":{"line":93,"column":86},"skip":true},"23":{"start":{"line":94,"column":20},"end":{"line":95,"column":45},"skip":true},"24":{"start":{"line":96,"column":20},"end":{"line":96,"column":42},"skip":true},"25":{"start":{"line":97,"column":20},"end":{"line":97,"column":48},"skip":true},"26":{"start":{"line":100,"column":20},"end":{"line":100,"column":85},"skip":true},"27":{"start":{"line":101,"column":20},"end":{"line":101,"column":96},"skip":true},"28":{"start":{"line":103,"column":16},"end":{"line":103,"column":22},"skip":true},"29":{"start":{"line":106,"column":16},"end":{"line":106,"column":22},"skip":true},"30":{"start":{"line":108,"column":12},"end":{"line":120,"column":13},"skip":true},"31":{"start":{"line":114,"column":16},"end":{"line":119,"column":17},"skip":true},"32":{"start":{"line":116,"column":20},"end":{"line":116,"column":78},"skip":true},"33":{"start":{"line":118,"column":20},"end":{"line":118,"column":47},"skip":true},"34":{"start":{"line":123,"column":8},"end":{"line":141,"column":11},"skip":true},"35":{"start":{"line":124,"column":12},"end":{"line":124,"column":54},"skip":true},"36":{"start":{"line":125,"column":12},"end":{"line":140,"column":14},"skip":true},"37":{"start":{"line":126,"column":16},"end":{"line":126,"column":28},"skip":true},"38":{"start":{"line":127,"column":16},"end":{"line":127,"column":69},"skip":true},"39":{"start":{"line":128,"column":16},"end":{"line":128,"column":75},"skip":true},"40":{"start":{"line":129,"column":16},"end":{"line":131,"column":17},"skip":true},"41":{"start":{"line":130,"column":20},"end":{"line":130,"column":27},"skip":true},"42":{"start":{"line":133,"column":16},"end":{"line":137,"column":36},"skip":true},"43":{"start":{"line":134,"column":20},"end":{"line":136,"column":55},"skip":true},"44":{"start":{"line":139,"column":16},"end":{"line":139,"column":57},"skip":true},"45":{"start":{"line":143,"column":8},"end":{"line":147,"column":11},"skip":true},"46":{"start":{"line":144,"column":12},"end":{"line":146,"column":15},"skip":true},"47":{"start":{"line":145,"column":16},"end":{"line":145,"column":70},"skip":true},"48":{"start":{"line":149,"column":8},"end":{"line":149,"column":31},"skip":true},"49":{"start":{"line":150,"column":8},"end":{"line":150,"column":14},"skip":true},"50":{"start":{"line":158,"column":8},"end":{"line":158,"column":31},"skip":true},"51":{"start":{"line":160,"column":8},"end":{"line":160,"column":33},"skip":true},"52":{"start":{"line":161,"column":8},"end":{"line":161,"column":37},"skip":true},"53":{"start":{"line":162,"column":8},"end":{"line":162,"column":35},"skip":true},"54":{"start":{"line":164,"column":8},"end":{"line":164,"column":50},"skip":true},"55":{"start":{"line":166,"column":8},"end":{"line":256,"column":2},"skip":true},"56":{"start":{"line":258,"column":8},"end":{"line":286,"column":9},"skip":true},"57":{"start":{"line":259,"column":12},"end":{"line":269,"column":14},"skip":true},"58":{"start":{"line":271,"column":12},"end":{"line":285,"column":19},"skip":true},"59":{"start":{"line":274,"column":20},"end":{"line":274,"column":35},"skip":true},"60":{"start":{"line":275,"column":20},"end":{"line":284,"column":21},"skip":true},"61":{"start":{"line":277,"column":24},"end":{"line":277,"column":64},"skip":true},"62":{"start":{"line":279,"column":24},"end":{"line":279,"column":40},"skip":true},"63":{"start":{"line":281,"column":24},"end":{"line":281,"column":40},"skip":true},"64":{"start":{"line":283,"column":24},"end":{"line":283,"column":39},"skip":true},"65":{"start":{"line":288,"column":8},"end":{"line":290,"column":9},"skip":true},"66":{"start":{"line":289,"column":12},"end":{"line":289,"column":18},"skip":true},"67":{"start":{"line":291,"column":8},"end":{"line":293,"column":54},"skip":true},"68":{"start":{"line":294,"column":8},"end":{"line":301,"column":37},"skip":true},"69":{"start":{"line":302,"column":8},"end":{"line":302,"column":82},"skip":true},"70":{"start":{"line":305,"column":8},"end":{"line":307,"column":9},"skip":true},"71":{"start":{"line":306,"column":12},"end":{"line":306,"column":82},"skip":true},"72":{"start":{"line":309,"column":8},"end":{"line":311,"column":9},"skip":true},"73":{"start":{"line":310,"column":12},"end":{"line":310,"column":18},"skip":true},"74":{"start":{"line":312,"column":8},"end":{"line":312,"column":54},"skip":true},"75":{"start":{"line":313,"column":8},"end":{"line":313,"column":69},"skip":true},"76":{"start":{"line":314,"column":8},"end":{"line":322,"column":36},"skip":true},"77":{"start":{"line":315,"column":12},"end":{"line":315,"column":61},"skip":true},"78":{"start":{"line":316,"column":12},"end":{"line":319,"column":13},"skip":true},"79":{"start":{"line":317,"column":16},"end":{"line":317,"column":75},"skip":true},"80":{"start":{"line":318,"column":16},"end":{"line":318,"column":23},"skip":true},"81":{"start":{"line":320,"column":12},"end":{"line":320,"column":38},"skip":true},"82":{"start":{"line":321,"column":12},"end":{"line":321,"column":27},"skip":true},"83":{"start":{"line":323,"column":8},"end":{"line":323,"column":14},"skip":true}},"branchMap":{"1":{"line":39,"type":"binary-expr","locations":[{"start":{"line":39,"column":23},"end":{"line":39,"column":62}},{"start":{"line":40,"column":20},"end":{"line":40,"column":70}},{"start":{"line":41,"column":20},"end":{"line":41,"column":71}},{"start":{"line":42,"column":20},"end":{"line":42,"column":29}}]},"2":{"line":44,"type":"binary-expr","locations":[{"start":{"line":44,"column":23},"end":{"line":44,"column":37}},{"start":{"line":45,"column":20},"end":{"line":45,"column":61}},{"start":{"line":46,"column":20},"end":{"line":46,"column":70}},{"start":{"line":47,"column":20},"end":{"line":47,"column":26}}]},"3":{"line":51,"type":"cond-expr","locations":[{"start":{"line":52,"column":14},"end":{"line":52,"column":20}},{"start":{"line":53,"column":14},"end":{"line":53,"column":20}}]},"4":{"line":55,"type":"binary-expr","locations":[{"start":{"line":55,"column":16},"end":{"line":55,"column":44}},{"start":{"line":55,"column":49},"end":{"line":57,"column":43}}]},"5":{"line":55,"type":"cond-expr","locations":[{"start":{"line":56,"column":14},"end":{"line":56,"column":60}},{"start":{"line":57,"column":14},"end":{"line":57,"column":43}}]},"6":{"line":61,"type":"switch","locations":[{"start":{"line":68,"column":4},"end":{"line":150,"column":14},"skip":true},{"start":{"line":156,"column":4},"end":{"line":323,"column":14},"skip":true}]},"7":{"line":70,"type":"if","locations":[{"start":{"line":70,"column":12},"end":{"line":70,"column":12},"skip":true},{"start":{"line":70,"column":12},"end":{"line":70,"column":12},"skip":true}]},"8":{"line":70,"type":"binary-expr","locations":[{"start":{"line":70,"column":16},"end":{"line":70,"column":22},"skip":true},{"start":{"line":70,"column":27},"end":{"line":70,"column":32},"skip":true},{"start":{"line":71,"column":20},"end":{"line":71,"column":39},"skip":true},{"start":{"line":72,"column":20},"end":{"line":72,"column":49},"skip":true},{"start":{"line":73,"column":20},"end":{"line":73,"column":58},"skip":true},{"start":{"line":74,"column":20},"end":{"line":74,"column":69},"skip":true}]},"9":{"line":79,"type":"switch","locations":[{"start":{"line":80,"column":20},"end":{"line":80,"column":33},"skip":true},{"start":{"line":81,"column":20},"end":{"line":83,"column":30},"skip":true},{"start":{"line":84,"column":20},"end":{"line":85,"column":49},"skip":true}]},"10":{"line":89,"type":"switch","locations":[{"start":{"line":90,"column":12},"end":{"line":103,"column":22},"skip":true},{"start":{"line":105,"column":12},"end":{"line":106,"column":22},"skip":true}]},"11":{"line":89,"type":"binary-expr","locations":[{"start":{"line":89,"column":20},"end":{"line":89,"column":25},"skip":true},{"start":{"line":89,"column":29},"end":{"line":89,"column":48},"skip":true},{"start":{"line":89,"column":52},"end":{"line":89,"column":74},"skip":true}]},"12":{"line":92,"type":"if","locations":[{"start":{"line":92,"column":16},"end":{"line":92,"column":16},"skip":true},{"start":{"line":92,"column":16},"end":{"line":92,"column":16},"skip":true}]},"13":{"line":108,"type":"if","locations":[{"start":{"line":108,"column":12},"end":{"line":108,"column":12},"skip":true},{"start":{"line":108,"column":12},"end":{"line":108,"column":12},"skip":true}]},"14":{"line":108,"type":"binary-expr","locations":[{"start":{"line":108,"column":16},"end":{"line":108,"column":61},"skip":true},{"start":{"line":108,"column":66},"end":{"line":108,"column":72},"skip":true},{"start":{"line":108,"column":77},"end":{"line":108,"column":82},"skip":true},{"start":{"line":109,"column":20},"end":{"line":109,"column":39},"skip":true},{"start":{"line":110,"column":20},"end":{"line":110,"column":49},"skip":true},{"start":{"line":111,"column":20},"end":{"line":111,"column":58},"skip":true},{"start":{"line":112,"column":20},"end":{"line":112,"column":68},"skip":true}]},"15":{"line":129,"type":"if","locations":[{"start":{"line":129,"column":16},"end":{"line":129,"column":16},"skip":true},{"start":{"line":129,"column":16},"end":{"line":129,"column":16},"skip":true}]},"16":{"line":134,"type":"cond-expr","locations":[{"start":{"line":135,"column":26},"end":{"line":135,"column":29},"skip":true},{"start":{"line":136,"column":26},"end":{"line":136,"column":54},"skip":true}]},"17":{"line":164,"type":"binary-expr","locations":[{"start":{"line":164,"column":27},"end":{"line":164,"column":43},"skip":true},{"start":{"line":164,"column":47},"end":{"line":164,"column":49},"skip":true}]},"18":{"line":258,"type":"if","locations":[{"start":{"line":258,"column":8},"end":{"line":258,"column":8},"skip":true},{"start":{"line":258,"column":8},"end":{"line":258,"column":8},"skip":true}]},"19":{"line":275,"type":"switch","locations":[{"start":{"line":276,"column":20},"end":{"line":277,"column":64},"skip":true},{"start":{"line":278,"column":20},"end":{"line":279,"column":40},"skip":true},{"start":{"line":280,"column":20},"end":{"line":281,"column":40},"skip":true},{"start":{"line":282,"column":20},"end":{"line":283,"column":39},"skip":true}]},"20":{"line":288,"type":"if","locations":[{"start":{"line":288,"column":8},"end":{"line":288,"column":8},"skip":true},{"start":{"line":288,"column":8},"end":{"line":288,"column":8},"skip":true}]},"21":{"line":288,"type":"binary-expr","locations":[{"start":{"line":288,"column":12},"end":{"line":288,"column":40},"skip":true},{"start":{"line":288,"column":44},"end":{"line":288,"column":67},"skip":true}]},"22":{"line":292,"type":"binary-expr","locations":[{"start":{"line":292,"column":12},"end":{"line":292,"column":50},"skip":true},{"start":{"line":293,"column":12},"end":{"line":293,"column":53},"skip":true}]},"23":{"line":295,"type":"binary-expr","locations":[{"start":{"line":295,"column":12},"end":{"line":295,"column":74},"skip":true},{"start":{"line":296,"column":12},"end":{"line":301,"column":36},"skip":true}]},"24":{"line":302,"type":"binary-expr","locations":[{"start":{"line":302,"column":43},"end":{"line":302,"column":75},"skip":true},{"start":{"line":302,"column":79},"end":{"line":302,"column":81},"skip":true}]},"25":{"line":305,"type":"if","locations":[{"start":{"line":305,"column":8},"end":{"line":305,"column":8},"skip":true},{"start":{"line":305,"column":8},"end":{"line":305,"column":8},"skip":true}]},"26":{"line":309,"type":"if","locations":[{"start":{"line":309,"column":8},"end":{"line":309,"column":8},"skip":true},{"start":{"line":309,"column":8},"end":{"line":309,"column":8},"skip":true}]},"27":{"line":312,"type":"binary-expr","locations":[{"start":{"line":312,"column":27},"end":{"line":312,"column":43},"skip":true},{"start":{"line":312,"column":47},"end":{"line":312,"column":53},"skip":true}]},"28":{"line":316,"type":"if","locations":[{"start":{"line":316,"column":12},"end":{"line":316,"column":12},"skip":true},{"start":{"line":316,"column":12},"end":{"line":316,"column":12},"skip":true}]}},"code":["/*","example.js","","quickstart example","","instruction","    1. save this script as example.js","    2. run the shell command:","        $ npm install npmtest-karma-typescript && PORT=8081 node example.js","    3. play with the browser-demo on http://127.0.0.1:8081","*/","","","","/* istanbul instrument in package npmtest_karma_typescript */","/*jslint","    bitwise: true,","    browser: true,","    maxerr: 8,","    maxlen: 96,","    node: true,","    nomen: true,","    regexp: true,","    stupid: true","*/","(function () {","    'use strict';","    var local;","","","","    // run shared js-env code - pre-init","    (function () {","        // init local","        local = {};","        // init modeJs","        local.modeJs = (function () {","            try {","                return typeof navigator.userAgent === 'string' &&","                    typeof document.querySelector('body') === 'object' &&","                    typeof XMLHttpRequest.prototype.open === 'function' &&","                    'browser';","            } catch (errorCaughtBrowser) {","                return module.exports &&","                    typeof process.versions.node === 'string' &&","                    typeof require('http').createServer === 'function' &&","                    'node';","            }","        }());","        // init global","        local.global = local.modeJs === 'browser'","            ? window","            : global;","        // init utility2_rollup","        local = local.global.utility2_rollup || (local.modeJs === 'browser'","            ? local.global.utility2_npmtest_karma_typescript","            : global.utility2_moduleExports);","        // export local","        local.global.local = local;","    }());","    switch (local.modeJs) {","","","","    // post-init","    // run browser js-env code - post-init","    /* istanbul ignore next */","    case 'browser':","        local.testRunBrowser = function (event) {","            if (!event || (event &&","                    event.currentTarget &&","                    event.currentTarget.className &&","                    event.currentTarget.className.includes &&","                    event.currentTarget.className.includes('onreset'))) {","                // reset output","                Array.from(","                    document.querySelectorAll('body > .resettable')","                ).forEach(function (element) {","                    switch (element.tagName) {","                    case 'INPUT':","                    case 'TEXTAREA':","                        element.value = '';","                        break;","                    default:","                        element.textContent = '';","                    }","                });","            }","            switch (event && event.currentTarget && event.currentTarget.id) {","            case 'testRunButton1':","                // show tests","                if (document.querySelector('#testReportDiv1').style.display === 'none') {","                    document.querySelector('#testReportDiv1').style.display = 'block';","                    document.querySelector('#testRunButton1').textContent =","                        'hide internal test';","                    local.modeTest = true;","                    local.testRunDefault(local);","                // hide tests","                } else {","                    document.querySelector('#testReportDiv1').style.display = 'none';","                    document.querySelector('#testRunButton1').textContent = 'run internal test';","                }","                break;","            // custom-case","            default:","                break;","            }","            if (document.querySelector('#inputTextareaEval1') && (!event || (event &&","                    event.currentTarget &&","                    event.currentTarget.className &&","                    event.currentTarget.className.includes &&","                    event.currentTarget.className.includes('oneval')))) {","                // try to eval input-code","                try {","                    /*jslint evil: true*/","                    eval(document.querySelector('#inputTextareaEval1').value);","                } catch (errorCaught) {","                    console.error(errorCaught);","                }","            }","        };","        // log stderr and stdout to #outputTextareaStdout1","        ['error', 'log'].forEach(function (key) {","            console[key + '_original'] = console[key];","            console[key] = function () {","                var element;","                console[key + '_original'].apply(console, arguments);","                element = document.querySelector('#outputTextareaStdout1');","                if (!element) {","                    return;","                }","                // append text to #outputTextareaStdout1","                element.value += Array.from(arguments).map(function (arg) {","                    return typeof arg === 'string'","                        ? arg","                        : JSON.stringify(arg, null, 4);","                }).join(' ') + '\\n';","                // scroll textarea to bottom","                element.scrollTop = element.scrollHeight;","            };","        });","        // init event-handling","        ['change', 'click', 'keyup'].forEach(function (event) {","            Array.from(document.querySelectorAll('.on' + event)).forEach(function (element) {","                element.addEventListener(event, local.testRunBrowser);","            });","        });","        // run tests","        local.testRunBrowser();","        break;","","","","    // run node js-env code - post-init","    /* istanbul ignore next */","    case 'node':","        // export local","        module.exports = local;","        // require modules","        local.fs = require('fs');","        local.http = require('http');","        local.url = require('url');","        // init assets","        local.assetsDict = local.assetsDict || {};","        /* jslint-ignore-begin */","        local.assetsDict['/assets.index.template.html'] = '\\","<!doctype html>\\n\\","<html lang=\"en\">\\n\\","<head>\\n\\","<meta charset=\"UTF-8\">\\n\\","<meta name=\"viewport\" content=\"width=device-width, initial-scale=1\">\\n\\","<title>{{env.npm_package_name}} (v{{env.npm_package_version}})</title>\\n\\","<style>\\n\\","/*csslint\\n\\","    box-sizing: false,\\n\\","    universal-selector: false\\n\\","*/\\n\\","* {\\n\\","    box-sizing: border-box;\\n\\","}\\n\\","body {\\n\\","    background: #dde;\\n\\","    font-family: Arial, Helvetica, sans-serif;\\n\\","    margin: 2rem;\\n\\","}\\n\\","body > * {\\n\\","    margin-bottom: 1rem;\\n\\","}\\n\\",".utility2FooterDiv {\\n\\","    margin-top: 20px;\\n\\","    text-align: center;\\n\\","}\\n\\","</style>\\n\\","<style>\\n\\","/*csslint\\n\\","*/\\n\\","textarea {\\n\\","    font-family: monospace;\\n\\","    height: 10rem;\\n\\","    width: 100%;\\n\\","}\\n\\","textarea[readonly] {\\n\\","    background: #ddd;\\n\\","}\\n\\","</style>\\n\\","</head>\\n\\","<body>\\n\\","<!-- utility2-comment\\n\\","<div id=\"ajaxProgressDiv1\" style=\"background: #d00; height: 2px; left: 0; margin: 0; padding: 0; position: fixed; top: 0; transition: background 0.5s, width 1.5s; width: 25%;\"></div>\\n\\","utility2-comment -->\\n\\","<h1>\\n\\","<!-- utility2-comment\\n\\","    <a\\n\\","        {{#if env.npm_package_homepage}}\\n\\","        href=\"{{env.npm_package_homepage}}\"\\n\\","        {{/if env.npm_package_homepage}}\\n\\","        target=\"_blank\"\\n\\","    >\\n\\","utility2-comment -->\\n\\","        {{env.npm_package_name}} (v{{env.npm_package_version}})\\n\\","<!-- utility2-comment\\n\\","    </a>\\n\\","utility2-comment -->\\n\\","</h1>\\n\\","<h3>{{env.npm_package_description}}</h3>\\n\\","<!-- utility2-comment\\n\\","<h4><a download href=\"assets.app.js\">download standalone app</a></h4>\\n\\","<button class=\"onclick onreset\" id=\"testRunButton1\">run internal test</button><br>\\n\\","<div id=\"testReportDiv1\" style=\"display: none;\"></div>\\n\\","utility2-comment -->\\n\\","\\n\\","\\n\\","\\n\\","<label>stderr and stdout</label>\\n\\","<textarea class=\"resettable\" id=\"outputTextareaStdout1\" readonly></textarea>\\n\\","<!-- utility2-comment\\n\\","{{#if isRollup}}\\n\\","<script src=\"assets.app.js\"></script>\\n\\","{{#unless isRollup}}\\n\\","utility2-comment -->\\n\\","<script src=\"assets.utility2.rollup.js\"></script>\\n\\","<script src=\"jsonp.utility2._stateInit?callback=window.utility2._stateInit\"></script>\\n\\","<script src=\"assets.npmtest_karma_typescript.rollup.js\"></script>\\n\\","<script src=\"assets.example.js\"></script>\\n\\","<script src=\"assets.test.js\"></script>\\n\\","<!-- utility2-comment\\n\\","{{/if isRollup}}\\n\\","utility2-comment -->\\n\\","<div class=\"utility2FooterDiv\">\\n\\","    [ this app was created with\\n\\","    <a href=\"https://github.com/kaizhu256/node-utility2\" target=\"_blank\">utility2</a>\\n\\","    ]\\n\\","</div>\\n\\","</body>\\n\\","</html>\\n\\","';","        /* jslint-ignore-end */","        if (local.templateRender) {","            local.assetsDict['/'] = local.templateRender(","                local.assetsDict['/assets.index.template.html'],","                {","                    env: local.objectSetDefault(local.env, {","                        npm_package_description: 'the greatest app in the world!',","                        npm_package_name: 'my-app',","                        npm_package_nameAlias: 'my_app',","                        npm_package_version: '0.0.1'","                    })","                }","            );","        } else {","            local.assetsDict['/'] = local.assetsDict['/assets.index.template.html']","                .replace((/\\{\\{env\\.(\\w+?)\\}\\}/g), function (match0, match1) {","                    // jslint-hack","                    String(match0);","                    switch (match1) {","                    case 'npm_package_description':","                        return 'the greatest app in the world!';","                    case 'npm_package_name':","                        return 'my-app';","                    case 'npm_package_nameAlias':","                        return 'my_app';","                    case 'npm_package_version':","                        return '0.0.1';","                    }","                });","        }","        // run the cli","        if (local.global.utility2_rollup || module !== require.main) {","            break;","        }","        local.assetsDict['/assets.example.js'] =","            local.assetsDict['/assets.example.js'] ||","            local.fs.readFileSync(__filename, 'utf8');","        local.assetsDict['/assets.npmtest_karma_typescript.rollup.js'] =","            local.assetsDict['/assets.npmtest_karma_typescript.rollup.js'] ||","            local.fs.readFileSync(","                // buildCustomOrg-hack","                local.npmtest_karma_typescript.__dirname +","                    '/lib.npmtest_karma_typescript.js',","                'utf8'","            ).replace((/^#!/), '//');","        local.assetsDict['/favicon.ico'] = local.assetsDict['/favicon.ico'] || '';","        // if $npm_config_timeout_exit exists,","        // then exit this process after $npm_config_timeout_exit ms","        if (Number(process.env.npm_config_timeout_exit)) {","            setTimeout(process.exit, Number(process.env.npm_config_timeout_exit));","        }","        // start server","        if (local.global.utility2_serverHttp1) {","            break;","        }","        process.env.PORT = process.env.PORT || '8081';","        console.error('server starting on port ' + process.env.PORT);","        local.http.createServer(function (request, response) {","            request.urlParsed = local.url.parse(request.url);","            if (local.assetsDict[request.urlParsed.pathname] !== undefined) {","                response.end(local.assetsDict[request.urlParsed.pathname]);","                return;","            }","            response.statusCode = 404;","            response.end();","        }).listen(process.env.PORT);","        break;","    }","}());",""],"l":{"26":2,"28":2,"33":2,"35":2,"37":2,"38":2,"39":2,"44":1,"51":2,"55":2,"59":2,"61":2,"69":1,"70":2,"76":2,"79":2,"82":2,"83":2,"85":1,"89":2,"92":1,"93":1,"94":1,"96":1,"97":1,"100":1,"101":1,"103":1,"106":1,"108":2,"114":1,"116":1,"118":1,"123":1,"124":2,"125":2,"126":2,"127":2,"128":2,"129":2,"130":1,"133":2,"134":2,"139":2,"143":1,"144":3,"145":1,"149":1,"150":1,"158":1,"160":1,"161":1,"162":1,"164":1,"166":1,"258":1,"259":1,"271":1,"274":6,"275":6,"277":1,"279":2,"281":1,"283":2,"288":1,"289":1,"291":1,"294":1,"302":1,"305":1,"306":1,"309":1,"310":1,"312":1,"313":1,"314":1,"315":1,"316":1,"317":1,"318":1,"320":1,"321":1,"323":1}},"/home/travis/build/npmtest/node-npmtest-karma-typescript/node_modules/karma-typescript/dist/index.js":{"path":"/home/travis/build/npmtest/node-npmtest-karma-typescript/node_modules/karma-typescript/dist/index.js","s":{"1":3,"2":3,"3":3,"4":3,"5":0,"6":0,"7":0,"8":0,"9":0,"10":0,"11":0,"12":0,"13":0,"14":0,"15":0,"16":0,"17":0,"18":0,"19":0,"20":0,"21":0,"22":0,"23":0,"24":0,"25":0,"26":0,"27":0,"28":0,"29":0,"30":0,"31":0,"32":0,"33":0},"b":{},"f":{},"fnMap":{},"statementMap":{"1":{"start":{"line":2,"column":0},"end":{"line":2,"column":62}},"2":{"start":{"line":3,"column":0},"end":{"line":3,"column":31}},"3":{"start":{"line":4,"column":0},"end":{"line":4,"column":45}},"4":{"start":{"line":5,"column":0},"end":{"line":5,"column":65}},"5":{"start":{"line":6,"column":0},"end":{"line":6,"column":45}},"6":{"start":{"line":7,"column":0},"end":{"line":7,"column":55}},"7":{"start":{"line":8,"column":0},"end":{"line":8,"column":53}},"8":{"start":{"line":9,"column":0},"end":{"line":9,"column":49}},"9":{"start":{"line":10,"column":0},"end":{"line":10,"column":48}},"10":{"start":{"line":11,"column":0},"end":{"line":11,"column":48}},"11":{"start":{"line":12,"column":0},"end":{"line":12,"column":50}},"12":{"start":{"line":13,"column":0},"end":{"line":13,"column":47}},"13":{"start":{"line":14,"column":0},"end":{"line":14,"column":53}},"14":{"start":{"line":15,"column":0},"end":{"line":15,"column":45}},"15":{"start":{"line":16,"column":0},"end":{"line":16,"column":56}},"16":{"start":{"line":17,"column":0},"end":{"line":17,"column":44}},"17":{"start":{"line":18,"column":0},"end":{"line":25,"column":2}},"18":{"start":{"line":26,"column":0},"end":{"line":26,"column":30}},"19":{"start":{"line":27,"column":0},"end":{"line":27,"column":63}},"20":{"start":{"line":28,"column":0},"end":{"line":28,"column":68}},"21":{"start":{"line":29,"column":0},"end":{"line":29,"column":90}},"22":{"start":{"line":30,"column":0},"end":{"line":30,"column":66}},"23":{"start":{"line":31,"column":0},"end":{"line":31,"column":54}},"24":{"start":{"line":32,"column":0},"end":{"line":32,"column":72}},"25":{"start":{"line":33,"column":0},"end":{"line":33,"column":76}},"26":{"start":{"line":34,"column":0},"end":{"line":34,"column":57}},"27":{"start":{"line":35,"column":0},"end":{"line":35,"column":103}},"28":{"start":{"line":36,"column":0},"end":{"line":36,"column":61}},"29":{"start":{"line":37,"column":0},"end":{"line":37,"column":138}},"30":{"start":{"line":38,"column":0},"end":{"line":38,"column":86}},"31":{"start":{"line":39,"column":0},"end":{"line":39,"column":117}},"32":{"start":{"line":40,"column":0},"end":{"line":40,"column":87}},"33":{"start":{"line":41,"column":0},"end":{"line":45,"column":2}}},"branchMap":{},"code":["\"use strict\";","Object.defineProperty(exports, \"__esModule\", { value: true });","var log4js = require(\"log4js\");","var bundler_1 = require(\"./bundler/bundler\");","var dependency_walker_1 = require(\"./bundler/dependency-walker\");","var globals_1 = require(\"./bundler/globals\");","var resolver_1 = require(\"./bundler/resolve/resolver\");","var transformer_1 = require(\"./bundler/transformer\");","var validator_1 = require(\"./bundler/validator\");","var compiler_1 = require(\"./compiler/compiler\");","var coverage_1 = require(\"./istanbul/coverage\");","var threshold_1 = require(\"./istanbul/threshold\");","var framework_1 = require(\"./karma/framework\");","var preprocessor_1 = require(\"./karma/preprocessor\");","var reporter_1 = require(\"./karma/reporter\");","var configuration_1 = require(\"./shared/configuration\");","var project_1 = require(\"./shared/project\");","var loggers = {","    bundler: log4js.getLogger(\"bundler.karma-typescript\"),","    compiler: log4js.getLogger(\"compiler.karma-typescript\"),","    dependencyWalker: log4js.getLogger(\"dependency-walker.karma-typescript\"),","    project: log4js.getLogger(\"project.karma-typescript\"),","    resolver: log4js.getLogger(\"resolver.karma-typescript\"),","    threshold: log4js.getLogger(\"threshold.karma-typescript\")","};","var sharedProcessedFiles = {};","var configuration = new configuration_1.Configuration(loggers);","var project = new project_1.Project(configuration, loggers.project);","var dependencyWalker = new dependency_walker_1.DependencyWalker(loggers.dependencyWalker);","var compiler = new compiler_1.Compiler(loggers.compiler, project);","var coverage = new coverage_1.Coverage(configuration);","var transformer = new transformer_1.Transformer(configuration, project);","var threshold = new threshold_1.Threshold(configuration, loggers.threshold);","var validator = new validator_1.Validator(configuration);","var resolver = new resolver_1.Resolver(configuration, dependencyWalker, loggers.resolver, transformer);","var globals = new globals_1.Globals(configuration, resolver);","var bundler = new bundler_1.Bundler(configuration, dependencyWalker, globals, loggers.bundler, project, resolver, transformer, validator);","var framework = new framework_1.Framework(bundler, configuration, coverage, resolver);","var preprocessor = new preprocessor_1.Preprocessor(bundler, compiler, configuration, coverage, sharedProcessedFiles);","var reporter = new reporter_1.Reporter(configuration, sharedProcessedFiles, threshold);","module.exports = {","    \"framework:karma-typescript\": [\"factory\", framework.create],","    \"preprocessor:karma-typescript\": [\"factory\", preprocessor.create],","    \"reporter:karma-typescript\": [\"type\", reporter.create]","};",""],"l":{"2":3,"3":3,"4":3,"5":3,"6":0,"7":0,"8":0,"9":0,"10":0,"11":0,"12":0,"13":0,"14":0,"15":0,"16":0,"17":0,"18":0,"26":0,"27":0,"28":0,"29":0,"30":0,"31":0,"32":0,"33":0,"34":0,"35":0,"36":0,"37":0,"38":0,"39":0,"40":0,"41":0}},"/home/travis/build/npmtest/node-npmtest-karma-typescript/node_modules/karma-typescript/dist/bundler/bundler.js":{"path":"/home/travis/build/npmtest/node-npmtest-karma-typescript/node_modules/karma-typescript/dist/bundler/bundler.js","s":{"1":1,"2":1,"3":1,"4":1,"5":1,"6":1,"7":1,"8":1,"9":1,"10":1,"11":1,"12":1,"13":1,"14":0,"15":0,"16":0,"17":0,"18":0,"19":0,"20":0,"21":0,"22":0,"23":0,"24":0,"25":0,"26":0,"27":0,"28":0,"29":1,"30":0,"31":0,"32":1,"33":0,"34":0,"35":1,"36":0,"37":0,"38":0,"39":0,"40":0,"41":0,"42":0,"43":0,"44":0,"45":1,"46":0,"47":0,"48":0,"49":0,"50":1,"51":0,"52":0,"53":0,"54":0,"55":0,"56":0,"57":0,"58":0,"59":0,"60":0,"61":1,"62":0,"63":0,"64":0,"65":0,"66":0,"67":1,"68":0,"69":0,"70":0,"71":0,"72":0,"73":0,"74":0,"75":0,"76":0,"77":1,"78":0,"79":0,"80":0,"81":0,"82":0,"83":0,"84":0,"85":0,"86":1,"87":0,"88":0,"89":0,"90":1,"91":0,"92":0,"93":1,"94":0,"95":0,"96":0,"97":0,"98":0,"99":0,"100":1,"101":0,"102":0,"103":0,"104":0,"105":0,"106":0,"107":0,"108":0,"109":0,"110":0,"111":1,"112":1},"b":{"1":[0,0],"2":[0,0],"3":[0,0],"4":[0,0,0],"5":[0,0],"6":[0,0],"7":[0,0],"8":[0,0],"9":[0,0],"10":[0,0],"11":[0,0],"12":[0,0],"13":[0,0],"14":[0,0],"15":[0,0]},"f":{"1":1,"2":0,"3":0,"4":0,"5":0,"6":0,"7":0,"8":0,"9":0,"10":0,"11":0,"12":0,"13":0,"14":0,"15":0,"16":0,"17":0,"18":0,"19":0,"20":0,"21":0,"22":0,"23":0,"24":0,"25":0,"26":0,"27":0,"28":0,"29":0,"30":0,"31":0},"fnMap":{"1":{"name":"(anonymous_1)","line":13,"loc":{"start":{"line":13,"column":15},"end":{"line":13,"column":27}}},"2":{"name":"Bundler","line":14,"loc":{"start":{"line":14,"column":4},"end":{"line":14,"column":104}}},"3":{"name":"(anonymous_3)","line":34,"loc":{"start":{"line":34,"column":31},"end":{"line":34,"column":48}}},"4":{"name":"(anonymous_4)","line":48,"loc":{"start":{"line":48,"column":31},"end":{"line":48,"column":69}}},"5":{"name":"(anonymous_5)","line":52,"loc":{"start":{"line":52,"column":44},"end":{"line":52,"column":56}}},"6":{"name":"(anonymous_6)","line":55,"loc":{"start":{"line":55,"column":61},"end":{"line":55,"column":73}}},"7":{"name":"(anonymous_7)","line":56,"loc":{"start":{"line":56,"column":38},"end":{"line":56,"column":56}}},"8":{"name":"(anonymous_8)","line":68,"loc":{"start":{"line":68,"column":37},"end":{"line":68,"column":68}}},"9":{"name":"(anonymous_9)","line":77,"loc":{"start":{"line":77,"column":41},"end":{"line":77,"column":62}}},"10":{"name":"(anonymous_10)","line":79,"loc":{"start":{"line":79,"column":37},"end":{"line":79,"column":73}}},"11":{"name":"(anonymous_11)","line":81,"loc":{"start":{"line":81,"column":54},"end":{"line":81,"column":106}}},"12":{"name":"(anonymous_12)","line":84,"loc":{"start":{"line":84,"column":111},"end":{"line":84,"column":123}}},"13":{"name":"(anonymous_13)","line":89,"loc":{"start":{"line":89,"column":37},"end":{"line":89,"column":49}}},"14":{"name":"(anonymous_14)","line":94,"loc":{"start":{"line":94,"column":11},"end":{"line":94,"column":23}}},"15":{"name":"(anonymous_15)","line":98,"loc":{"start":{"line":98,"column":44},"end":{"line":98,"column":56}}},"16":{"name":"(anonymous_16)","line":100,"loc":{"start":{"line":100,"column":62},"end":{"line":100,"column":74}}},"17":{"name":"(anonymous_17)","line":101,"loc":{"start":{"line":101,"column":38},"end":{"line":101,"column":50}}},"18":{"name":"(anonymous_18)","line":102,"loc":{"start":{"line":102,"column":42},"end":{"line":102,"column":60}}},"19":{"name":"(anonymous_19)","line":108,"loc":{"start":{"line":108,"column":38},"end":{"line":108,"column":59}}},"20":{"name":"(anonymous_20)","line":111,"loc":{"start":{"line":111,"column":62},"end":{"line":111,"column":74}}},"21":{"name":"(anonymous_21)","line":112,"loc":{"start":{"line":112,"column":38},"end":{"line":112,"column":50}}},"22":{"name":"(anonymous_22)","line":114,"loc":{"start":{"line":114,"column":42},"end":{"line":114,"column":60}}},"23":{"name":"(anonymous_23)","line":122,"loc":{"start":{"line":122,"column":42},"end":{"line":122,"column":72}}},"24":{"name":"(anonymous_24)","line":126,"loc":{"start":{"line":126,"column":39},"end":{"line":126,"column":65}}},"25":{"name":"(anonymous_25)","line":142,"loc":{"start":{"line":142,"column":50},"end":{"line":142,"column":62}}},"26":{"name":"(anonymous_26)","line":148,"loc":{"start":{"line":148,"column":46},"end":{"line":148,"column":66}}},"27":{"name":"(anonymous_27)","line":154,"loc":{"start":{"line":154,"column":41},"end":{"line":154,"column":53}}},"28":{"name":"(anonymous_28)","line":157,"loc":{"start":{"line":157,"column":45},"end":{"line":157,"column":65}}},"29":{"name":"(anonymous_29)","line":164,"loc":{"start":{"line":164,"column":44},"end":{"line":164,"column":79}}},"30":{"name":"(anonymous_30)","line":168,"loc":{"start":{"line":168,"column":34},"end":{"line":168,"column":60}}},"31":{"name":"(anonymous_31)","line":172,"loc":{"start":{"line":172,"column":51},"end":{"line":172,"column":68}}}},"statementMap":{"1":{"start":{"line":2,"column":0},"end":{"line":2,"column":62}},"2":{"start":{"line":3,"column":0},"end":{"line":3,"column":29}},"3":{"start":{"line":4,"column":0},"end":{"line":4,"column":23}},"4":{"start":{"line":5,"column":0},"end":{"line":5,"column":31}},"5":{"start":{"line":6,"column":0},"end":{"line":6,"column":23}},"6":{"start":{"line":7,"column":0},"end":{"line":7,"column":27}},"7":{"start":{"line":8,"column":0},"end":{"line":8,"column":25}},"8":{"start":{"line":9,"column":0},"end":{"line":9,"column":49}},"9":{"start":{"line":10,"column":0},"end":{"line":10,"column":46}},"10":{"start":{"line":11,"column":0},"end":{"line":11,"column":53}},"11":{"start":{"line":12,"column":0},"end":{"line":12,"column":40}},"12":{"start":{"line":13,"column":0},"end":{"line":181,"column":5}},"13":{"start":{"line":14,"column":4},"end":{"line":33,"column":5}},"14":{"start":{"line":15,"column":8},"end":{"line":15,"column":29}},"15":{"start":{"line":16,"column":8},"end":{"line":16,"column":49}},"16":{"start":{"line":17,"column":8},"end":{"line":17,"column":31}},"17":{"start":{"line":18,"column":8},"end":{"line":18,"column":23}},"18":{"start":{"line":19,"column":8},"end":{"line":19,"column":31}},"19":{"start":{"line":20,"column":8},"end":{"line":20,"column":33}},"20":{"start":{"line":21,"column":8},"end":{"line":21,"column":39}},"21":{"start":{"line":22,"column":8},"end":{"line":22,"column":35}},"22":{"start":{"line":23,"column":8},"end":{"line":23,"column":32}},"23":{"start":{"line":24,"column":8},"end":{"line":24,"column":104}},"24":{"start":{"line":25,"column":8},"end":{"line":25,"column":31}},"25":{"start":{"line":26,"column":8},"end":{"line":29,"column":11}},"26":{"start":{"line":30,"column":8},"end":{"line":30,"column":30}},"27":{"start":{"line":31,"column":8},"end":{"line":31,"column":30}},"28":{"start":{"line":32,"column":8},"end":{"line":32,"column":54}},"29":{"start":{"line":34,"column":4},"end":{"line":47,"column":6}},"30":{"start":{"line":35,"column":8},"end":{"line":40,"column":11}},"31":{"start":{"line":41,"column":8},"end":{"line":46,"column":11}},"32":{"start":{"line":48,"column":4},"end":{"line":51,"column":6}},"33":{"start":{"line":49,"column":8},"end":{"line":49,"column":90}},"34":{"start":{"line":50,"column":8},"end":{"line":50,"column":43}},"35":{"start":{"line":52,"column":4},"end":{"line":67,"column":6}},"36":{"start":{"line":53,"column":8},"end":{"line":53,"column":25}},"37":{"start":{"line":54,"column":8},"end":{"line":54,"column":52}},"38":{"start":{"line":55,"column":8},"end":{"line":66,"column":11}},"39":{"start":{"line":56,"column":12},"end":{"line":58,"column":15}},"40":{"start":{"line":57,"column":16},"end":{"line":57,"column":198}},"41":{"start":{"line":59,"column":12},"end":{"line":59,"column":105}},"42":{"start":{"line":60,"column":12},"end":{"line":65,"column":13}},"43":{"start":{"line":61,"column":16},"end":{"line":61,"column":50}},"44":{"start":{"line":64,"column":16},"end":{"line":64,"column":44}},"45":{"start":{"line":68,"column":4},"end":{"line":76,"column":6}},"46":{"start":{"line":69,"column":8},"end":{"line":72,"column":9}},"47":{"start":{"line":70,"column":12},"end":{"line":70,"column":68}},"48":{"start":{"line":71,"column":12},"end":{"line":71,"column":184}},"49":{"start":{"line":73,"column":8},"end":{"line":75,"column":53}},"50":{"start":{"line":77,"column":4},"end":{"line":97,"column":6}},"51":{"start":{"line":78,"column":8},"end":{"line":78,"column":25}},"52":{"start":{"line":79,"column":8},"end":{"line":96,"column":11}},"53":{"start":{"line":80,"column":12},"end":{"line":80,"column":64}},"54":{"start":{"line":81,"column":12},"end":{"line":93,"column":33}},"55":{"start":{"line":82,"column":16},"end":{"line":92,"column":17}},"56":{"start":{"line":84,"column":20},"end":{"line":86,"column":23}},"57":{"start":{"line":85,"column":24},"end":{"line":85,"column":51}},"58":{"start":{"line":89,"column":20},"end":{"line":91,"column":23}},"59":{"start":{"line":90,"column":24},"end":{"line":90,"column":51}},"60":{"start":{"line":95,"column":12},"end":{"line":95,"column":43}},"61":{"start":{"line":98,"column":4},"end":{"line":107,"column":6}},"62":{"start":{"line":99,"column":8},"end":{"line":99,"column":25}},"63":{"start":{"line":100,"column":8},"end":{"line":106,"column":11}},"64":{"start":{"line":101,"column":12},"end":{"line":105,"column":15}},"65":{"start":{"line":102,"column":16},"end":{"line":104,"column":19}},"66":{"start":{"line":103,"column":20},"end":{"line":103,"column":58}},"67":{"start":{"line":108,"column":4},"end":{"line":121,"column":6}},"68":{"start":{"line":109,"column":8},"end":{"line":109,"column":25}},"69":{"start":{"line":110,"column":8},"end":{"line":110,"column":32}},"70":{"start":{"line":111,"column":8},"end":{"line":120,"column":11}},"71":{"start":{"line":112,"column":12},"end":{"line":119,"column":15}},"72":{"start":{"line":113,"column":16},"end":{"line":113,"column":122}},"73":{"start":{"line":114,"column":16},"end":{"line":116,"column":19}},"74":{"start":{"line":115,"column":20},"end":{"line":115,"column":82}},"75":{"start":{"line":117,"column":16},"end":{"line":117,"column":123}},"76":{"start":{"line":118,"column":16},"end":{"line":118,"column":45}},"77":{"start":{"line":122,"column":4},"end":{"line":141,"column":6}},"78":{"start":{"line":123,"column":8},"end":{"line":123,"column":25}},"79":{"start":{"line":124,"column":8},"end":{"line":124,"column":35}},"80":{"start":{"line":125,"column":8},"end":{"line":125,"column":82}},"81":{"start":{"line":126,"column":8},"end":{"line":133,"column":11}},"82":{"start":{"line":127,"column":12},"end":{"line":132,"column":13}},"83":{"start":{"line":128,"column":16},"end":{"line":128,"column":134}},"84":{"start":{"line":131,"column":16},"end":{"line":131,"column":112}},"85":{"start":{"line":134,"column":8},"end":{"line":140,"column":53}},"86":{"start":{"line":142,"column":4},"end":{"line":147,"column":6}},"87":{"start":{"line":143,"column":8},"end":{"line":145,"column":9}},"88":{"start":{"line":144,"column":12},"end":{"line":144,"column":99}},"89":{"start":{"line":146,"column":8},"end":{"line":146,"column":18}},"90":{"start":{"line":148,"column":4},"end":{"line":153,"column":6}},"91":{"start":{"line":149,"column":8},"end":{"line":152,"column":9}},"92":{"start":{"line":151,"column":12},"end":{"line":151,"column":44}},"93":{"start":{"line":154,"column":4},"end":{"line":163,"column":6}},"94":{"start":{"line":155,"column":8},"end":{"line":155,"column":25}},"95":{"start":{"line":156,"column":8},"end":{"line":156,"column":36}},"96":{"start":{"line":157,"column":8},"end":{"line":161,"column":11}},"97":{"start":{"line":158,"column":12},"end":{"line":160,"column":13}},"98":{"start":{"line":159,"column":16},"end":{"line":159,"column":50}},"99":{"start":{"line":162,"column":8},"end":{"line":162,"column":46}},"100":{"start":{"line":164,"column":4},"end":{"line":179,"column":6}},"101":{"start":{"line":165,"column":8},"end":{"line":165,"column":25}},"102":{"start":{"line":166,"column":8},"end":{"line":167,"column":43}},"103":{"start":{"line":168,"column":8},"end":{"line":170,"column":11}},"104":{"start":{"line":169,"column":12},"end":{"line":169,"column":69}},"105":{"start":{"line":171,"column":8},"end":{"line":171,"column":65}},"106":{"start":{"line":172,"column":8},"end":{"line":178,"column":11}},"107":{"start":{"line":173,"column":12},"end":{"line":175,"column":13}},"108":{"start":{"line":174,"column":16},"end":{"line":174,"column":28}},"109":{"start":{"line":176,"column":12},"end":{"line":176,"column":68}},"110":{"start":{"line":177,"column":12},"end":{"line":177,"column":38}},"111":{"start":{"line":180,"column":4},"end":{"line":180,"column":19}},"112":{"start":{"line":182,"column":0},"end":{"line":182,"column":26}}},"branchMap":{"1":{"line":60,"type":"if","locations":[{"start":{"line":60,"column":12},"end":{"line":60,"column":12}},{"start":{"line":60,"column":12},"end":{"line":60,"column":12}}]},"2":{"line":69,"type":"if","locations":[{"start":{"line":69,"column":8},"end":{"line":69,"column":8}},{"start":{"line":69,"column":8},"end":{"line":69,"column":8}}]},"3":{"line":71,"type":"cond-expr","locations":[{"start":{"line":71,"column":169},"end":{"line":71,"column":172}},{"start":{"line":71,"column":175},"end":{"line":71,"column":182}}]},"4":{"line":73,"type":"binary-expr","locations":[{"start":{"line":73,"column":15},"end":{"line":73,"column":52}},{"start":{"line":74,"column":12},"end":{"line":74,"column":71}},{"start":{"line":75,"column":12},"end":{"line":75,"column":52}}]},"5":{"line":82,"type":"if","locations":[{"start":{"line":82,"column":16},"end":{"line":82,"column":16}},{"start":{"line":82,"column":16},"end":{"line":82,"column":16}}]},"6":{"line":82,"type":"binary-expr","locations":[{"start":{"line":82,"column":20},"end":{"line":82,"column":54}},{"start":{"line":83,"column":20},"end":{"line":83,"column":86}}]},"7":{"line":83,"type":"binary-expr","locations":[{"start":{"line":83,"column":22},"end":{"line":83,"column":52}},{"start":{"line":83,"column":56},"end":{"line":83,"column":85}}]},"8":{"line":127,"type":"if","locations":[{"start":{"line":127,"column":12},"end":{"line":127,"column":12}},{"start":{"line":127,"column":12},"end":{"line":127,"column":12}}]},"9":{"line":134,"type":"cond-expr","locations":[{"start":{"line":134,"column":29},"end":{"line":134,"column":49}},{"start":{"line":134,"column":52},"end":{"line":134,"column":54}}]},"10":{"line":140,"type":"cond-expr","locations":[{"start":{"line":140,"column":26},"end":{"line":140,"column":37}},{"start":{"line":140,"column":40},"end":{"line":140,"column":42}}]},"11":{"line":143,"type":"if","locations":[{"start":{"line":143,"column":8},"end":{"line":143,"column":8}},{"start":{"line":143,"column":8},"end":{"line":143,"column":8}}]},"12":{"line":149,"type":"if","locations":[{"start":{"line":149,"column":8},"end":{"line":149,"column":8}},{"start":{"line":149,"column":8},"end":{"line":149,"column":8}}]},"13":{"line":149,"type":"binary-expr","locations":[{"start":{"line":149,"column":12},"end":{"line":149,"column":65}},{"start":{"line":150,"column":12},"end":{"line":150,"column":53}}]},"14":{"line":158,"type":"if","locations":[{"start":{"line":158,"column":12},"end":{"line":158,"column":12}},{"start":{"line":158,"column":12},"end":{"line":158,"column":12}}]},"15":{"line":173,"type":"if","locations":[{"start":{"line":173,"column":12},"end":{"line":173,"column":12}},{"start":{"line":173,"column":12},"end":{"line":173,"column":12}}]}},"code":["\"use strict\";","Object.defineProperty(exports, \"__esModule\", { value: true });","var async = require(\"async\");","var fs = require(\"fs\");","var lodash = require(\"lodash\");","var os = require(\"os\");","var path = require(\"path\");","var tmp = require(\"tmp\");","var benchmark_1 = require(\"../shared/benchmark\");","var PathTool = require(\"../shared/path-tool\");","var required_module_1 = require(\"./required-module\");","var SourceMap = require(\"./source-map\");","var Bundler = (function () {","    function Bundler(config, dependencyWalker, globals, log, project, resolver, transformer, validator) {","        this.config = config;","        this.dependencyWalker = dependencyWalker;","        this.globals = globals;","        this.log = log;","        this.project = project;","        this.resolver = resolver;","        this.transformer = transformer;","        this.validator = validator;","        this.BUNDLE_DELAY = 500;","        this.bundleQueuedModulesDeferred = lodash.debounce(this.bundleQueuedModules, this.BUNDLE_DELAY);","        this.bundleBuffer = [];","        this.bundleFile = tmp.fileSync({","            postfix: \".js\",","            prefix: \"karma-typescript-bundle-\"","        });","        this.bundleQueue = [];","        this.entrypoints = [];","        this.projectImportCountOnFirstRun = undefined;","    }","    Bundler.prototype.attach = function (files) {","        files.unshift({","            included: true,","            pattern: this.bundleFile.name,","            served: true,","            watched: true","        });","        files.push({","            included: true,","            pattern: path.join(__dirname, \"../../src/client/commonjs.js\"),","            served: true,","            watched: false","        });","    };","    Bundler.prototype.bundle = function (file, emitOutput, callback) {","        this.bundleQueue.push({ callback: callback, emitOutput: emitOutput, file: file });","        this.bundleQueuedModulesDeferred();","    };","    Bundler.prototype.bundleQueuedModules = function () {","        var _this = this;","        var benchmark = new benchmark_1.Benchmark();","        this.transformer.applyTsTransforms(this.bundleQueue, function () {","            _this.bundleQueue.forEach(function (queued) {","                queued.module = new required_module_1.RequiredModule(queued.file.path, queued.file.originalPath, SourceMap.create(queued.file, queued.emitOutput.sourceFile.text, queued.emitOutput));","            });","            var requiredModuleCount = _this.dependencyWalker.collectRequiredTsModules(_this.bundleQueue);","            if (_this.shouldBundle(requiredModuleCount)) {","                _this.bundleWithLoader(benchmark);","            }","            else {","                _this.bundleWithoutLoader();","            }","        });","    };","    Bundler.prototype.shouldBundle = function (requiredModuleCount) {","        if (this.projectImportCountOnFirstRun === undefined) {","            this.projectImportCountOnFirstRun = requiredModuleCount;","            this.log.debug(\"Project has %s import/require statements, code will be%sbundled\", this.projectImportCountOnFirstRun, this.projectImportCountOnFirstRun > 0 ? \" \" : \" NOT \");","        }","        return this.projectImportCountOnFirstRun > 0 &&","            this.project.getModuleFormat().toLowerCase() === \"commonjs\" &&","            !this.config.hasPreprocessor(\"commonjs\");","    };","    Bundler.prototype.bundleWithLoader = function (benchmark) {","        var _this = this;","        async.each(this.bundleQueue, function (queued, onQueuedResolved) {","            _this.addEntrypointFilename(queued.module.filename);","            async.each(queued.module.requiredModules, function (requiredModule, onRequiredModuleResolved) {","                if (!requiredModule.isTypescriptFile() &&","                    !(requiredModule.isTypingsFile() && !requiredModule.isNpmModule())) {","                    _this.resolver.resolveModule(queued.module.moduleName, requiredModule, _this.bundleBuffer, function () {","                        onRequiredModuleResolved();","                    });","                }","                else {","                    process.nextTick(function () {","                        onRequiredModuleResolved();","                    });","                }","            }, onQueuedResolved);","        }, function () {","            _this.onAllResolved(benchmark);","        });","    };","    Bundler.prototype.bundleWithoutLoader = function () {","        var _this = this;","        this.globals.add(this.bundleBuffer, this.entrypoints, function () {","            _this.writeMainBundleFile(function () {","                _this.bundleQueue.forEach(function (queued) {","                    queued.callback(queued.module.source);","                });","            });","        });","    };","    Bundler.prototype.onAllResolved = function (benchmark) {","        var _this = this;","        this.orderEntrypoints();","        this.globals.add(this.bundleBuffer, this.entrypoints, function () {","            _this.writeMainBundleFile(function () {","                _this.log.info(\"Bundled imports for %s file(s) in %s ms.\", _this.bundleQueue.length, benchmark.elapsed());","                _this.bundleQueue.forEach(function (queued) {","                    queued.callback(_this.addLoaderFunction(queued.module, true));","                });","                _this.log.debug(\"Karma callbacks for %s file(s) in %s ms.\", _this.bundleQueue.length, benchmark.elapsed());","                _this.bundleQueue.length = 0;","            });","        });","    };","    Bundler.prototype.addLoaderFunction = function (module, standalone) {","        var _this = this;","        var requiredModuleMap = {};","        var moduleId = path.relative(this.config.karma.basePath, module.filename);","        module.requiredModules.forEach(function (requiredModule) {","            if (!requiredModule.filename) {","                _this.log.debug(\"No resolved filename for module [%s], required by [%s]\", requiredModule.moduleName, module.filename);","            }","            else {","                requiredModuleMap[requiredModule.moduleName] = PathTool.fixWindowsPath(requiredModule.filename);","            }","        });","        return (standalone ? \"(function(global){\" : \"\") +","            \"global.wrappers['\" + PathTool.fixWindowsPath(module.filename) + \"']=\" +","            \"[function(require,module,exports,__dirname,__filename){ \" + module.source +","            os.EOL + \"},'\" +","            PathTool.fixWindowsPath(moduleId) + \"',\" +","            PathTool.fixWindowsPath(JSON.stringify(requiredModuleMap)) + \"];\" +","            (standalone ? \"})(this);\" : \"\") + os.EOL;","    };","    Bundler.prototype.createEntrypointFilenames = function () {","        if (this.entrypoints.length > 0) {","            return \"global.entrypointFilenames=['\" + this.entrypoints.join(\"','\") + \"'];\" + os.EOL;","        }","        return \"\";","    };","    Bundler.prototype.addEntrypointFilename = function (filename) {","        if (this.config.bundlerOptions.entrypoints.test(filename) &&","            this.entrypoints.indexOf(filename) === -1) {","            this.entrypoints.push(filename);","        }","    };","    Bundler.prototype.orderEntrypoints = function () {","        var _this = this;","        var orderedEntrypoints = [];","        this.project.getKarmaFiles().forEach(function (filename) {","            if (_this.entrypoints.indexOf(filename) !== -1) {","                orderedEntrypoints.push(filename);","            }","        });","        this.entrypoints = orderedEntrypoints;","    };","    Bundler.prototype.writeMainBundleFile = function (onMainBundleFileWritten) {","        var _this = this;","        var bundle = \"(function(global){\" + os.EOL +","            \"global.wrappers={};\" + os.EOL;","        this.bundleBuffer.forEach(function (requiredModule) {","            bundle += _this.addLoaderFunction(requiredModule, false);","        });","        bundle += this.createEntrypointFilenames() + \"})(this);\";","        fs.writeFile(this.bundleFile.name, bundle, function (error) {","            if (error) {","                throw error;","            }","            _this.validator.validate(bundle, _this.bundleFile.name);","            onMainBundleFileWritten();","        });","    };","    return Bundler;","}());","exports.Bundler = Bundler;",""],"l":{"2":1,"3":1,"4":1,"5":1,"6":1,"7":1,"8":1,"9":1,"10":1,"11":1,"12":1,"13":1,"14":1,"15":0,"16":0,"17":0,"18":0,"19":0,"20":0,"21":0,"22":0,"23":0,"24":0,"25":0,"26":0,"30":0,"31":0,"32":0,"34":1,"35":0,"41":0,"48":1,"49":0,"50":0,"52":1,"53":0,"54":0,"55":0,"56":0,"57":0,"59":0,"60":0,"61":0,"64":0,"68":1,"69":0,"70":0,"71":0,"73":0,"77":1,"78":0,"79":0,"80":0,"81":0,"82":0,"84":0,"85":0,"89":0,"90":0,"95":0,"98":1,"99":0,"100":0,"101":0,"102":0,"103":0,"108":1,"109":0,"110":0,"111":0,"112":0,"113":0,"114":0,"115":0,"117":0,"118":0,"122":1,"123":0,"124":0,"125":0,"126":0,"127":0,"128":0,"131":0,"134":0,"142":1,"143":0,"144":0,"146":0,"148":1,"149":0,"151":0,"154":1,"155":0,"156":0,"157":0,"158":0,"159":0,"162":0,"164":1,"165":0,"166":0,"168":0,"169":0,"171":0,"172":0,"173":0,"174":0,"176":0,"177":0,"180":1,"182":1}},"/home/travis/build/npmtest/node-npmtest-karma-typescript/node_modules/karma-typescript/dist/shared/benchmark.js":{"path":"/home/travis/build/npmtest/node-npmtest-karma-typescript/node_module
[...]
":[{"start":{"line":79,"column":8},"end":{"line":79,"column":8}},{"start":{"line":79,"column":8},"end":{"line":79,"column":8}}]},"12":{"line":83,"type":"if","locations":[{"start":{"line":83,"column":12},"end":{"line":83,"column":12}},{"start":{"line":83,"column":12},"end":{"line":83,"column":12}}]},"13":{"line":85,"type":"cond-expr","locations":[{"start":{"line":86,"column":20},"end":{"line":86,"column":33}},{"start":{"line":87,"column":20},"end":{"line":87,"column":29}}]},"14":{"line":88,"type":"cond-expr","locations":[{"start":{"line":89,"column":20},"end":{"line":89,"column":35}},{"start":{"line":90,"column":20},"end":{"line":90,"column":29}}]},"15":{"line":88,"type":"binary-expr","locations":[{"start":{"line":88,"column":31},"end":{"line":88,"column":43}},{"start":{"line":88,"column":47},"end":{"line":88,"column":66}}]},"16":{"line":91,"type":"if","locations":[{"start":{"line":91,"column":16},"end":{"line":91,"column":16}},{"start":{"line":91,"column":16},"end":{"line":91,"column":16}}]},"17":{"line":91,"type":"binary-expr","locations":[{"start":{"line":91,"column":20},"end":{"line":91,"column":30}},{"start":{"line":91,"column":34},"end":{"line":91,"column":63}},{"start":{"line":92,"column":20},"end":{"line":92,"column":28}},{"start":{"line":92,"column":32},"end":{"line":92,"column":65}}]},"18":{"line":104,"type":"if","locations":[{"start":{"line":104,"column":8},"end":{"line":104,"column":8}},{"start":{"line":104,"column":8},"end":{"line":104,"column":8}}]},"19":{"line":114,"type":"if","locations":[{"start":{"line":114,"column":12},"end":{"line":114,"column":12}},{"start":{"line":114,"column":12},"end":{"line":114,"column":12}}]},"20":{"line":114,"type":"binary-expr","locations":[{"start":{"line":114,"column":16},"end":{"line":114,"column":33}},{"start":{"line":114,"column":37},"end":{"line":114,"column":62}}]},"21":{"line":115,"type":"if","locations":[{"start":{"line":115,"column":16},"end":{"line":115,"column":16}},{"start":{"line":115,"column":16},"end":{"line":115,"column":16}}]},"22":{"line":122,"type":"if","locations":[{"start":{"line":122,"column":24},"end":{"line":122,"column":24}},{"start":{"line":122,"column":24},"end":{"line":122,"column":24}}]},"23":{"line":127,"type":"if","locations":[{"start":{"line":127,"column":32},"end":{"line":127,"column":32}},{"start":{"line":127,"column":32},"end":{"line":127,"column":32}}]},"24":{"line":130,"type":"if","locations":[{"start":{"line":130,"column":32},"end":{"line":130,"column":32}},{"start":{"line":130,"column":32},"end":{"line":130,"column":32}}]},"25":{"line":150,"type":"switch","locations":[{"start":{"line":151,"column":16},"end":{"line":155,"column":26}},{"start":{"line":156,"column":16},"end":{"line":157,"column":54}},{"start":{"line":158,"column":16},"end":{"line":159,"column":43}},{"start":{"line":160,"column":16},"end":{"line":161,"column":31}},{"start":{"line":162,"column":16},"end":{"line":163,"column":30}}]},"26":{"line":152,"type":"if","locations":[{"start":{"line":152,"column":20},"end":{"line":152,"column":20}},{"start":{"line":152,"column":20},"end":{"line":152,"column":20}}]},"27":{"line":176,"type":"if","locations":[{"start":{"line":176,"column":12},"end":{"line":176,"column":12}},{"start":{"line":176,"column":12},"end":{"line":176,"column":12}}]},"28":{"line":178,"type":"if","locations":[{"start":{"line":178,"column":20},"end":{"line":178,"column":20}},{"start":{"line":178,"column":20},"end":{"line":178,"column":20}}]},"29":{"line":178,"type":"binary-expr","locations":[{"start":{"line":178,"column":24},"end":{"line":178,"column":47}},{"start":{"line":178,"column":51},"end":{"line":178,"column":96}}]},"30":{"line":180,"type":"if","locations":[{"start":{"line":180,"column":24},"end":{"line":180,"column":24}},{"start":{"line":180,"column":24},"end":{"line":180,"column":24}}]},"31":{"line":184,"type":"if","locations":[{"start":{"line":184,"column":32},"end":{"line":184,"column":32}},{"start":{"line":184,"column":32},"end":{"line":184,"column":32}}]},"32":{"line":187,"type":"if","locations":[{"start":{"line":187,"column":37},"end":{"line":187,"column":37}},{"start":{"line":187,"column":37},"end":{"line":187,"column":37}}]}},"code":["\"use strict\";","Object.defineProperty(exports, \"__esModule\", { value: true });","var async = require(\"async\");","var diff = require(\"diff\");","var fs = require(\"fs\");","var glob = require(\"glob\");","var lodash = require(\"lodash\");","var os = require(\"os\");","var path = require(\"path\");","var ts = require(\"typescript\");","var pad = require(\"pad\");","var required_module_1 = require(\"./required-module\");","var DependencyWalker = (function () {","    function DependencyWalker(log) {","        this.log = log;","        this.requireRegexp = /\\brequire\\b/;","        this.walk = require(\"acorn/dist/walk\");","    }","    DependencyWalker.prototype.hasRequire = function (s) {","        return this.requireRegexp.test(s);","    };","    DependencyWalker.prototype.collectRequiredTsModules = function (queue) {","        var _this = this;","        var requiredModuleCount = 0;","        queue.forEach(function (queued) {","            queued.module.requiredModules = _this.findUnresolvedTsRequires(queued.emitOutput.sourceFile);","            var resolvedModules = queued.emitOutput.sourceFile.resolvedModules;","            if (resolvedModules && !queued.emitOutput.sourceFile.isDeclarationFile) {","                if (lodash.isMap(resolvedModules)) {","                    resolvedModules.forEach(function (resolvedModule, moduleName) {","                        queued.module.requiredModules.push(new required_module_1.RequiredModule(moduleName, resolvedModule && resolvedModule.resolvedFileName));","                    });","                }","                else {","                    Object.keys(resolvedModules).forEach(function (moduleName) {","                        var resolvedModule = resolvedModules[moduleName];","                        queued.module.requiredModules.push(new required_module_1.RequiredModule(moduleName, resolvedModule && resolvedModule.resolvedFileName));","                    });","                }","            }","            requiredModuleCount += queued.module.requiredModules.length;","        });","        this.validateCase(queue);","        return requiredModuleCount;","    };","    DependencyWalker.prototype.collectRequiredJsModules = function (requiredModule, onRequiredModulesCollected) {","        var _this = this;","        var moduleNames = [];","        var expressions = [];","        var isRequire = function (node) {","            return node.type === \"CallExpression\" &&","                node.callee.type === \"Identifier\" &&","                node.callee.name === \"require\";","        };","        var visitNode = function (node, state, c) {","            if (!_this.hasRequire(requiredModule.source.slice(node.start, node.end))) {","                return;","            }","            _this.walk.base[node.type](node, state, c);","            if (isRequire(node) && node.arguments.length > 0) {","                if (node.arguments[0].type === \"Literal\") {","                    moduleNames.push(node.arguments[0].value);","                }","                else {","                    expressions.push(node.arguments[0]);","                }","            }","        };","        this.walk.recursive(requiredModule.ast, null, {","            Expression: visitNode,","            Statement: visitNode","        });","        this.addDynamicDependencies(expressions, requiredModule, function (dynamicDependencies) {","            onRequiredModulesCollected(moduleNames.concat(dynamicDependencies));","        });","    };","    DependencyWalker.prototype.findUnresolvedTsRequires = function (sourceFile) {","        var requiredModules = [];","        if (ts.isDeclarationFile(sourceFile)) {","            return requiredModules;","        }","        var visitNode = function (node) {","            if (node.kind === ts.SyntaxKind.CallExpression) {","                var ce = node;","                var expression = ce.expression ?","                    ce.expression :","                    undefined;","                var argument = ce.arguments && ce.arguments.length ?","                    ce.arguments[0] :","                    undefined;","                if (expression && expression.text === \"require\" &&","                    argument && typeof argument.text === \"string\") {","                    requiredModules.push(new required_module_1.RequiredModule(argument.text));","                }","            }","            ts.forEachChild(node, visitNode);","        };","        visitNode(sourceFile);","        return requiredModules;","    };","    DependencyWalker.prototype.addDynamicDependencies = function (expressions, requiredModule, onDynamicDependenciesAdded) {","        var _this = this;","        var dynamicDependencies = [];","        if (expressions.length === 0) {","            process.nextTick(function () {","                onDynamicDependenciesAdded(dynamicDependencies);","            });","            return;","        }","        async.each(expressions, function (expression, onExpressionResolved) {","            var dynamicModuleName = _this.parseDynamicRequire(expression);","            var directory = path.dirname(requiredModule.filename);","            var pattern;","            if (dynamicModuleName && dynamicModuleName !== \"*\") {","                if (new required_module_1.RequiredModule(dynamicModuleName).isNpmModule()) {","                    dynamicDependencies.push(dynamicModuleName);","                    onExpressionResolved();","                }","                else {","                    pattern = path.join(directory, dynamicModuleName);","                    glob(pattern, function (globError, matches) {","                        if (globError) {","                            throw globError;","                        }","                        async.each(matches, function (match, onMatchResolved) {","                            fs.stat(match, function (statError, stats) {","                                if (statError) {","                                    throw statError;","                                }","                                if (stats.isFile()) {","                                    _this.log.debug(\"Dynamic require: \\nexpression: [%s]\" +","                                        \"\\nfilename: %s\\nrequired by %s\\nglob: %s\", JSON.stringify(expression, undefined, 3), match, requiredModule.filename, pattern);","                                    dynamicDependencies.push(\"./\" + path.relative(directory, match));","                                }","                                onMatchResolved();","                            });","                        }, onExpressionResolved);","                    });","                }","            }","            else {","                onExpressionResolved();","            }","        }, function () {","            onDynamicDependenciesAdded(dynamicDependencies);","        });","    };","    DependencyWalker.prototype.parseDynamicRequire = function (expression) {","        var visitNode = function (node) {","            switch (node.type) {","                case \"BinaryExpression\":","                    if (node.operator === \"+\") {","                        return visitNode(node.left) + visitNode(node.right);","                    }","                    break;","                case \"ExpressionStatement\":","                    return visitNode(node.expression);","                case \"Literal\":","                    return node.value + \"\";","                case \"Identifier\":","                    return \"*\";","                default:","                    return \"\";","            }","        };","        return visitNode(expression);","    };","    DependencyWalker.prototype.validateCase = function (queue) {","        var files = queue.map(function (q) {","            return q.file.originalPath;","        });","        var fileslower = queue.map(function (q) {","            return q.file.originalPath.toLowerCase();","        });","        queue.forEach(function (queued) {","            if (queued.module.requiredModules) {","                queued.module.requiredModules.forEach(function (requiredModule) {","                    if (requiredModule.filename && files.indexOf(requiredModule.filename) === -1) {","                        var lowerIndex = fileslower.indexOf(requiredModule.filename.toLowerCase());","                        if (lowerIndex !== -1) {","                            var result = diff.diffChars(files[lowerIndex], requiredModule.filename);","                            var arrows_1 = \"\";","                            result.forEach(function (part) {","                                if (part.added) {","                                    arrows_1 += \"^\";","                                }","                                else if (!part.removed) {","                                    arrows_1 += pad(\"\", part.count);","                                }","                            });","                            throw new Error(\"Uppercase/lowercase mismatch importing \" +","                                requiredModule.moduleName + \" from \" + queued.file.originalPath +","                                \":\" + os.EOL + os.EOL +","                                \"filename:    \" + files[lowerIndex] + os.EOL +","                                \"module name: \" + requiredModule.filename + os.EOL +","                                \"             \" + arrows_1 + os.EOL);","                        }","                    }","                });","            }","        });","    };","    return DependencyWalker;","}());","exports.DependencyWalker = DependencyWalker;",""],"l":{"2":3,"3":3,"4":3,"5":3,"6":3,"7":3,"8":3,"9":3,"10":3,"11":0,"12":0,"13":0,"14":1,"15":0,"16":0,"17":0,"19":0,"20":0,"22":0,"23":0,"24":0,"25":0,"26":0,"27":0,"28":0,"29":0,"30":0,"31":0,"35":0,"36":0,"37":0,"41":0,"43":0,"44":0,"46":0,"47":0,"48":0,"49":0,"50":0,"51":0,"55":0,"56":0,"57":0,"59":0,"60":0,"61":0,"62":0,"65":0,"69":0,"73":0,"74":0,"77":0,"78":0,"79":0,"80":0,"82":0,"83":0,"84":0,"85":0,"88":0,"91":0,"93":0,"96":0,"98":0,"99":0,"101":0,"102":0,"103":0,"104":0,"105":0,"106":0,"108":0,"110":0,"111":0,"112":0,"113":0,"114":0,"115":0,"116":0,"117":0,"120":0,"121":0,"122":0,"123":0,"125":0,"126":0,"127":0,"128":0,"130":0,"131":0,"133":0,"135":0,"142":0,"145":0,"148":0,"149":0,"150":0,"152":0,"153":0,"155":0,"157":0,"159":0,"161":0,"163":0,"166":0,"168":0,"169":0,"170":0,"172":0,"173":0,"175":0,"176":0,"177":0,"178":0,"179":0,"180":0,"181":0,"182":0,"183":0,"184":0,"185":0,"187":0,"188":0,"191":0,"203":0,"205":0}},"/home/travis/build/npmtest/node-npmtest-karma-typescript/node_modules/karma-typescript/.eslintrc.js":{"path":"/home/travis/build/npmtest/node-npmtest-karma-typescript/node_modules/karma-typescript/.eslintrc.js","s":{"1":1},"b":{},"f":{},"fnMap":{},"statementMap":{"1":{"start":{"line":1,"column":0},"end":{"line":28,"column":1}}},"branchMap":{},"code":["module.exports = {","    \"extends\": \"eslint:recommended\",","    \"env\": {","        \"node\": true","    },","    \"globals\": {","        \"Promise\": true,","        \"WeakMap\": true","    },","    \"rules\": {","","        // syntax","        \"curly\": [\"error\"],","        \"dot-notation\": [\"error\"],","        \"eqeqeq\": [\"error\"],","        \"indent\": [\"error\", 4, {\"SwitchCase\": 1}],","        \"linebreak-style\": [\"error\", \"unix\"],","        \"no-alert\": [\"error\"],","        \"no-cond-assign\": [\"error\", \"always\"],","        \"no-empty-function\": [\"error\"],","        \"no-unused-expressions\": [\"error\"],","        \"quotes\": [\"error\", \"double\"],","        \"semi\": [\"error\", \"always\"],","","        // style","        \"brace-style\": [\"error\", \"stroustrup\"]","    }","}",""],"l":{"1":1}},"/home/travis/build/npmtest/node-npmtest-karma-typescript/node_modules/karma-typescript/gulpfile.js":{"path":"/home/travis/build/npmtest/node-npmtest-karma-typescript/node_modules/karma-typescript/gulpfile.js","s":{"1":2,"2":0,"3":0,"4":0,"5":0,"6":0,"7":0,"8":0,"9":0,"10":0,"11":0,"12":0,"13":0,"14":0,"15":0,"16":0,"17":0},"b":{"1":[0,0]},"f":{"1":0,"2":0,"3":0,"4":0,"5":0,"6":0,"7":0,"8":0},"fnMap":{"1":{"name":"(anonymous_1)","line":7,"loc":{"start":{"line":7,"column":19},"end":{"line":7,"column":32}}},"2":{"name":"(anonymous_2)","line":12,"loc":{"start":{"line":12,"column":18},"end":{"line":12,"column":31}}},"3":{"name":"(anonymous_3)","line":13,"loc":{"start":{"line":13,"column":59},"end":{"line":13,"column":70}}},"4":{"name":"(anonymous_4)","line":14,"loc":{"start":{"line":14,"column":76},"end":{"line":14,"column":87}}},"5":{"name":"(anonymous_5)","line":15,"loc":{"start":{"line":15,"column":75},"end":{"line":15,"column":86}}},"6":{"name":"(anonymous_6)","line":16,"loc":{"start":{"line":16,"column":93},"end":{"line":16,"column":104}}},"7":{"name":"(anonymous_7)","line":24,"loc":{"start":{"line":24,"column":19},"end":{"line":24,"column":32}}},"8":{"name":"(anonymous_8)","line":26,"loc":{"start":{"line":26,"column":10},"end":{"line":26,"column":26}}}},"statementMap":{"1":{"start":{"line":1,"column":0},"end":{"line":5,"column":33}},"2":{"start":{"line":7,"column":0},"end":{"line":10,"column":3}},"3":{"start":{"line":8,"column":4},"end":{"line":8,"column":12}},"4":{"start":{"line":9,"column":4},"end":{"line":9,"column":9}},"5":{"start":{"line":12,"column":0},"end":{"line":22,"column":3}},"6":{"start":{"line":13,"column":4},"end":{"line":21,"column":7}},"7":{"start":{"line":14,"column":8},"end":{"line":20,"column":11}},"8":{"start":{"line":15,"column":12},"end":{"line":19,"column":15}},"9":{"start":{"line":16,"column":16},"end":{"line":18,"column":19}},"10":{"start":{"line":17,"column":20},"end":{"line":17,"column":101}},"11":{"start":{"line":24,"column":0},"end":{"line":32,"column":3}},"12":{"start":{"line":25,"column":4},"end":{"line":31,"column":7}},"13":{"start":{"line":27,"column":8},"end":{"line":29,"column":9}},"14":{"start":{"line":28,"column":12},"end":{"line":28,"column":43}},"15":{"start":{"line":30,"column":8},"end":{"line":30,"column":13}},"16":{"start":{"line":34,"column":0},"end":{"line":34,"column":45}},"17":{"start":{"line":35,"column":0},"end":{"line":35,"column":39}}},"branchMap":{"1":{"line":27,"type":"if","locations":[{"start":{"line":27,"column":8},"end":{"line":27,"column":8}},{"start":{"line":27,"column":8},"end":{"line":27,"column":8}}]}},"code":["var copy = require(\"copy\"),","    clear = require(\"cli-clear\"),","    del = require(\"del\"),","    gulp = require(\"gulp\"),","    gutil = require(\"gulp-util\");","","gulp.task(\"clear\", function(cb) {","    clear();","    cb();","});","","gulp.task(\"copy\", function(cb) {","    copy(\"../../*.js\", \"./node_modules/karma-typescript/\", function() {","        copy(\"../../dist/**/*.js\", \"./node_modules/karma-typescript/dist/\", function() {","            copy(\"../../lib/*.js\", \"./node_modules/karma-typescript/lib/\", function() {","                copy(\"../../src/client/*.js\", \"./node_modules/karma-typescript/src/client/\", function() {","                    copy(\"../../transforms/*.js\", \"./node_modules/karma-typescript/transforms/\", cb);","                });","            });","        });","    });","});","","gulp.task(\"clean\", function(cb) {","    del(\"./coverage\")","    .then(function(files) {","        if(files.length > 0) {","            gutil.log(\"Deleted %s\", files);","        }","        cb();","    });","});","","gulp.task(\"dev\", [\"clear\", \"clean\", \"copy\"]);","gulp.task(\"dev:ci\", [\"clean\", \"copy\"]);",""],"l":{"1":2,"7":0,"8":0,"9":0,"12":0,"13":0,"14":0,"15":0,"16":0,"17":0,"24":0,"25":0,"27":0,"28":0,"30":0,"34":0,"35":0}}}